2024-11-28T17:23:43.993+0100 INFO               [main]                         be.pxl.services.ProductCatalogService - Starting ProductCatalogService using Java 21.0.1 with PID 57064 (C:\Users\Christo\Desktop\PXL\4de jaar\Fullstack Java\learning-microservices-with-spring-cloud-Christos-Lappas\backend-java\SpringCloudSustainableProducts\product-catalog-service\target\classes started by Christo in C:\Users\Christo\Desktop\PXL\4de jaar\Fullstack Java\learning-microservices-with-spring-cloud-Christos-Lappas\backend-java\SpringCloudSustainableProducts)
2024-11-28T17:23:44.000+0100 DEBUG              [main]                         be.pxl.services.ProductCatalogService - Running with Spring Boot v3.3.5, Spring v6.1.14
2024-11-28T17:23:44.001+0100 INFO               [main]                         be.pxl.services.ProductCatalogService - No active profile set, falling back to 1 default profile: "default"
2024-11-28T17:23:48.303+0100 INFO               [main]                         be.pxl.services.ProductCatalogService - Started ProductCatalogService in 5.299 seconds (process running for 6.011)
2024-11-28T17:24:36.685+0100 INFO               [http-nio-8083-exec-1]         be.pxl.services.services.ProductService - Starting update for product with id: 2
2024-11-28T17:24:36.735+0100 DEBUG              [http-nio-8083-exec-1]         be.pxl.services.services.ProductService - Updating product fields for id: 2
2024-11-28T17:24:36.758+0100 INFO               [http-nio-8083-exec-1]         be.pxl.services.services.ProductService - Product with id 2 successfully updated
2024-11-28T17:26:42.654+0100 INFO               [main]                         be.pxl.services.LogbookService - Starting LogbookService using Java 21.0.1 with PID 81852 (C:\Users\Christo\Desktop\PXL\4de jaar\Fullstack Java\learning-microservices-with-spring-cloud-Christos-Lappas\backend-java\SpringCloudSustainableProducts\logbook-service\target\classes started by Christo in C:\Users\Christo\Desktop\PXL\4de jaar\Fullstack Java\learning-microservices-with-spring-cloud-Christos-Lappas\backend-java\SpringCloudSustainableProducts)
2024-11-28T17:26:42.656+0100 DEBUG              [main]                         be.pxl.services.LogbookService - Running with Spring Boot v3.3.5, Spring v6.1.14
2024-11-28T17:26:42.656+0100 INFO               [main]                         be.pxl.services.LogbookService - No active profile set, falling back to 1 default profile: "default"
2024-11-28T17:26:47.949+0100 INFO               [main]                         be.pxl.services.ProductCatalogService - Starting ProductCatalogService using Java 21.0.1 with PID 79296 (C:\Users\Christo\Desktop\PXL\4de jaar\Fullstack Java\learning-microservices-with-spring-cloud-Christos-Lappas\backend-java\SpringCloudSustainableProducts\product-catalog-service\target\classes started by Christo in C:\Users\Christo\Desktop\PXL\4de jaar\Fullstack Java\learning-microservices-with-spring-cloud-Christos-Lappas\backend-java\SpringCloudSustainableProducts)
2024-11-28T17:26:47.951+0100 DEBUG              [main]                         be.pxl.services.ProductCatalogService - Running with Spring Boot v3.3.5, Spring v6.1.14
2024-11-28T17:26:47.951+0100 INFO               [main]                         be.pxl.services.ProductCatalogService - No active profile set, falling back to 1 default profile: "default"
2024-11-28T17:26:52.289+0100 INFO               [main]                         be.pxl.services.ProductCatalogService - Started ProductCatalogService in 5.266 seconds (process running for 5.921)
2024-11-28T17:27:01.325+0100 INFO               [main]                         be.pxl.services.LogbookService - Starting LogbookService using Java 21.0.1 with PID 82444 (C:\Users\Christo\Desktop\PXL\4de jaar\Fullstack Java\learning-microservices-with-spring-cloud-Christos-Lappas\backend-java\SpringCloudSustainableProducts\logbook-service\target\classes started by Christo in C:\Users\Christo\Desktop\PXL\4de jaar\Fullstack Java\learning-microservices-with-spring-cloud-Christos-Lappas\backend-java\SpringCloudSustainableProducts)
2024-11-28T17:27:01.327+0100 DEBUG              [main]                         be.pxl.services.LogbookService - Running with Spring Boot v3.3.5, Spring v6.1.14
2024-11-28T17:27:01.327+0100 INFO               [main]                         be.pxl.services.LogbookService - No active profile set, falling back to 1 default profile: "default"
2024-11-28T17:27:53.698+0100 INFO               [main]                         be.pxl.services.LogbookService - Starting LogbookService using Java 21.0.1 with PID 15160 (C:\Users\Christo\Desktop\PXL\4de jaar\Fullstack Java\learning-microservices-with-spring-cloud-Christos-Lappas\backend-java\SpringCloudSustainableProducts\logbook-service\target\classes started by Christo in C:\Users\Christo\Desktop\PXL\4de jaar\Fullstack Java\learning-microservices-with-spring-cloud-Christos-Lappas\backend-java\SpringCloudSustainableProducts)
2024-11-28T17:27:53.700+0100 DEBUG              [main]                         be.pxl.services.LogbookService - Running with Spring Boot v3.3.5, Spring v6.1.14
2024-11-28T17:27:53.701+0100 INFO               [main]                         be.pxl.services.LogbookService - No active profile set, falling back to 1 default profile: "default"
2024-11-28T17:29:00.538+0100 INFO               [main]                         be.pxl.services.LogbookService - Starting LogbookService using Java 21.0.1 with PID 76264 (C:\Users\Christo\Desktop\PXL\4de jaar\Fullstack Java\learning-microservices-with-spring-cloud-Christos-Lappas\backend-java\SpringCloudSustainableProducts\logbook-service\target\classes started by Christo in C:\Users\Christo\Desktop\PXL\4de jaar\Fullstack Java\learning-microservices-with-spring-cloud-Christos-Lappas\backend-java\SpringCloudSustainableProducts)
2024-11-28T17:29:00.539+0100 DEBUG              [main]                         be.pxl.services.LogbookService - Running with Spring Boot v3.3.5, Spring v6.1.14
2024-11-28T17:29:00.540+0100 INFO               [main]                         be.pxl.services.LogbookService - No active profile set, falling back to 1 default profile: "default"
2024-11-28T17:29:04.807+0100 INFO               [main]                         be.pxl.services.LogbookService - Started LogbookService in 5.401 seconds (process running for 6.052)
2024-11-28T17:29:41.061+0100 INFO               [http-nio-8083-exec-1]         be.pxl.services.services.ProductService - Starting update for product with id: 2
2024-11-28T17:29:41.121+0100 DEBUG              [http-nio-8083-exec-1]         be.pxl.services.services.ProductService - Updating product fields for id: 2
2024-11-28T17:29:41.151+0100 INFO               [http-nio-8083-exec-1]         be.pxl.services.services.ProductService - Product with id 2 successfully updated
2024-11-28T17:32:55.947+0100 INFO               [main]                         be.pxl.services.LogbookService - Starting LogbookService using Java 21.0.1 with PID 8204 (C:\Users\Christo\Desktop\PXL\4de jaar\Fullstack Java\learning-microservices-with-spring-cloud-Christos-Lappas\backend-java\SpringCloudSustainableProducts\logbook-service\target\classes started by Christo in C:\Users\Christo\Desktop\PXL\4de jaar\Fullstack Java\learning-microservices-with-spring-cloud-Christos-Lappas\backend-java\SpringCloudSustainableProducts)
2024-11-28T17:32:55.948+0100 DEBUG              [main]                         be.pxl.services.LogbookService - Running with Spring Boot v3.3.5, Spring v6.1.14
2024-11-28T17:32:55.949+0100 INFO               [main]                         be.pxl.services.LogbookService - No active profile set, falling back to 1 default profile: "default"
2024-11-28T17:33:00.157+0100 INFO               [main]                         be.pxl.services.LogbookService - Started LogbookService in 5.138 seconds (process running for 5.78)
2024-11-28T17:38:54.165+0100 INFO               [main]                         be.pxl.services.LogbookService - Starting LogbookService using Java 21.0.1 with PID 26096 (C:\Users\Christo\Desktop\PXL\4de jaar\Fullstack Java\learning-microservices-with-spring-cloud-Christos-Lappas\backend-java\SpringCloudSustainableProducts\logbook-service\target\classes started by Christo in C:\Users\Christo\Desktop\PXL\4de jaar\Fullstack Java\learning-microservices-with-spring-cloud-Christos-Lappas\backend-java\SpringCloudSustainableProducts)
2024-11-28T17:38:54.166+0100 DEBUG              [main]                         be.pxl.services.LogbookService - Running with Spring Boot v3.3.5, Spring v6.1.14
2024-11-28T17:38:54.167+0100 INFO               [main]                         be.pxl.services.LogbookService - No active profile set, falling back to 1 default profile: "default"
2024-11-28T17:38:58.395+0100 INFO               [main]                         be.pxl.services.LogbookService - Started LogbookService in 5.168 seconds (process running for 5.795)
2024-11-28T17:45:17.340+0100 INFO               [main]                         be.pxl.services.LogbookService - Starting LogbookService using Java 21.0.1 with PID 65548 (C:\Users\Christo\Desktop\PXL\4de jaar\Fullstack Java\learning-microservices-with-spring-cloud-Christos-Lappas\backend-java\SpringCloudSustainableProducts\logbook-service\target\classes started by Christo in C:\Users\Christo\Desktop\PXL\4de jaar\Fullstack Java\learning-microservices-with-spring-cloud-Christos-Lappas\backend-java\SpringCloudSustainableProducts)
2024-11-28T17:45:17.341+0100 DEBUG              [main]                         be.pxl.services.LogbookService - Running with Spring Boot v3.3.5, Spring v6.1.14
2024-11-28T17:45:17.342+0100 INFO               [main]                         be.pxl.services.LogbookService - No active profile set, falling back to 1 default profile: "default"
2024-11-28T17:45:21.684+0100 INFO               [main]                         be.pxl.services.LogbookService - Started LogbookService in 5.314 seconds (process running for 5.945)
2024-11-28T17:46:24.082+0100 INFO               [main]                         be.pxl.services.ProductCatalogService - Starting ProductCatalogService using Java 21.0.1 with PID 75908 (C:\Users\Christo\Desktop\PXL\4de jaar\Fullstack Java\learning-microservices-with-spring-cloud-Christos-Lappas\backend-java\SpringCloudSustainableProducts\product-catalog-service\target\classes started by Christo in C:\Users\Christo\Desktop\PXL\4de jaar\Fullstack Java\learning-microservices-with-spring-cloud-Christos-Lappas\backend-java\SpringCloudSustainableProducts)
2024-11-28T17:46:24.084+0100 DEBUG              [main]                         be.pxl.services.ProductCatalogService - Running with Spring Boot v3.3.5, Spring v6.1.14
2024-11-28T17:46:24.084+0100 INFO               [main]                         be.pxl.services.ProductCatalogService - No active profile set, falling back to 1 default profile: "default"
2024-11-28T17:46:28.224+0100 INFO               [main]                         be.pxl.services.ProductCatalogService - Started ProductCatalogService in 5.127 seconds (process running for 5.757)
2024-11-28T17:46:35.557+0100 INFO               [main]                         be.pxl.services.LogbookService - Starting LogbookService using Java 21.0.1 with PID 25240 (C:\Users\Christo\Desktop\PXL\4de jaar\Fullstack Java\learning-microservices-with-spring-cloud-Christos-Lappas\backend-java\SpringCloudSustainableProducts\logbook-service\target\classes started by Christo in C:\Users\Christo\Desktop\PXL\4de jaar\Fullstack Java\learning-microservices-with-spring-cloud-Christos-Lappas\backend-java\SpringCloudSustainableProducts)
2024-11-28T17:46:35.558+0100 DEBUG              [main]                         be.pxl.services.LogbookService - Running with Spring Boot v3.3.5, Spring v6.1.14
2024-11-28T17:46:35.559+0100 INFO               [main]                         be.pxl.services.LogbookService - No active profile set, falling back to 1 default profile: "default"
2024-11-28T17:46:39.794+0100 INFO               [main]                         be.pxl.services.LogbookService - Started LogbookService in 5.238 seconds (process running for 5.902)
2024-11-28T17:47:55.738+0100 INFO               [main]                         be.pxl.services.ProductCatalogService - Starting ProductCatalogService using Java 21.0.1 with PID 30156 (C:\Users\Christo\Desktop\PXL\4de jaar\Fullstack Java\learning-microservices-with-spring-cloud-Christos-Lappas\backend-java\SpringCloudSustainableProducts\product-catalog-service\target\classes started by Christo in C:\Users\Christo\Desktop\PXL\4de jaar\Fullstack Java\learning-microservices-with-spring-cloud-Christos-Lappas\backend-java\SpringCloudSustainableProducts)
2024-11-28T17:47:55.739+0100 DEBUG              [main]                         be.pxl.services.ProductCatalogService - Running with Spring Boot v3.3.5, Spring v6.1.14
2024-11-28T17:47:55.740+0100 INFO               [main]                         be.pxl.services.ProductCatalogService - No active profile set, falling back to 1 default profile: "default"
2024-11-28T17:47:59.916+0100 INFO               [main]                         be.pxl.services.ProductCatalogService - Started ProductCatalogService in 5.127 seconds (process running for 5.753)
2024-11-28T17:48:11.977+0100 INFO               [http-nio-8083-exec-1]         be.pxl.services.services.ProductService - Starting update for product with id: 2
2024-11-28T17:48:12.038+0100 DEBUG              [http-nio-8083-exec-1]         be.pxl.services.services.ProductService - Updating product fields for id: 2
2024-11-28T17:48:12.052+0100 INFO               [http-nio-8083-exec-1]         be.pxl.services.services.ProductService - Product with id 2 successfully updated
2024-11-28T17:48:42.777+0100 INFO               [main]                         be.pxl.services.ProductCatalogService - Starting ProductCatalogService using Java 21.0.1 with PID 63460 (C:\Users\Christo\Desktop\PXL\4de jaar\Fullstack Java\learning-microservices-with-spring-cloud-Christos-Lappas\backend-java\SpringCloudSustainableProducts\product-catalog-service\target\classes started by Christo in C:\Users\Christo\Desktop\PXL\4de jaar\Fullstack Java\learning-microservices-with-spring-cloud-Christos-Lappas\backend-java\SpringCloudSustainableProducts)
2024-11-28T17:48:42.778+0100 DEBUG              [main]                         be.pxl.services.ProductCatalogService - Running with Spring Boot v3.3.5, Spring v6.1.14
2024-11-28T17:48:42.779+0100 INFO               [main]                         be.pxl.services.ProductCatalogService - No active profile set, falling back to 1 default profile: "default"
2024-11-28T17:48:46.951+0100 INFO               [main]                         be.pxl.services.ProductCatalogService - Started ProductCatalogService in 5.125 seconds (process running for 5.755)
2024-11-28T17:50:51.678+0100 INFO               [http-nio-8083-exec-1]         be.pxl.services.services.ProductService - Starting update for product with id: 2
2024-11-28T17:50:51.740+0100 DEBUG              [http-nio-8083-exec-1]         be.pxl.services.services.ProductService - Updating product fields for id: 2
2024-11-28T17:50:51.771+0100 INFO               [http-nio-8083-exec-1]         be.pxl.services.services.ProductService - Product with id 2 successfully updated
2024-11-28T17:50:51.881+0100 INFO               [http-nio-8084-exec-3]         be.pxl.services.services.LogService - Starting to add a new log entry for user: admin, product ID: 2
2024-11-28T17:50:51.943+0100 INFO               [http-nio-8084-exec-3]         be.pxl.services.services.LogService - Log entry for user 'admin' and product ID '2' successfully saved
2024-11-28T17:54:12.035+0100 INFO               [http-nio-8083-exec-3]         be.pxl.services.services.ProductService - Starting update for product with id: 2
2024-11-28T17:54:12.038+0100 DEBUG              [http-nio-8083-exec-3]         be.pxl.services.services.ProductService - Updating product fields for id: 2
2024-11-28T17:54:12.043+0100 INFO               [http-nio-8083-exec-3]         be.pxl.services.services.ProductService - Product with id 2 successfully updated
2024-11-28T17:54:12.048+0100 INFO               [http-nio-8084-exec-5]         be.pxl.services.services.LogService - Starting to add a new log entry for user: admin, product ID: 2
2024-11-28T17:54:12.053+0100 INFO               [http-nio-8084-exec-5]         be.pxl.services.services.LogService - Log entry for user 'admin' and product ID '2' successfully saved
2024-11-28T18:00:37.077+0100 INFO               [main]                         be.pxl.services.ProductCatalogService - Starting ProductCatalogService using Java 21.0.1 with PID 78528 (C:\Users\Christo\Desktop\PXL\4de jaar\Fullstack Java\learning-microservices-with-spring-cloud-Christos-Lappas\backend-java\SpringCloudSustainableProducts\product-catalog-service\target\classes started by Christo in C:\Users\Christo\Desktop\PXL\4de jaar\Fullstack Java\learning-microservices-with-spring-cloud-Christos-Lappas\backend-java\SpringCloudSustainableProducts)
2024-11-28T18:00:37.078+0100 DEBUG              [main]                         be.pxl.services.ProductCatalogService - Running with Spring Boot v3.3.5, Spring v6.1.14
2024-11-28T18:00:37.079+0100 INFO               [main]                         be.pxl.services.ProductCatalogService - No active profile set, falling back to 1 default profile: "default"
2024-11-28T18:00:41.285+0100 INFO               [main]                         be.pxl.services.ProductCatalogService - Started ProductCatalogService in 5.141 seconds (process running for 5.809)
2024-11-28T18:01:48.018+0100 INFO               [http-nio-8083-exec-1]         be.pxl.services.services.ProductService - Starting update for product with id: 2
2024-11-28T18:01:48.079+0100 DEBUG              [http-nio-8083-exec-1]         be.pxl.services.services.ProductService - Updating product fields for id: 2
2024-11-28T18:01:48.109+0100 INFO               [http-nio-8083-exec-1]         be.pxl.services.services.ProductService - Product with id 2 successfully updated
2024-11-28T18:01:48.109+0100 INFO               [http-nio-8083-exec-1]         be.pxl.services.services.ProductService - Logging changes for product with id: 2
2024-11-28T18:01:48.204+0100 INFO               [http-nio-8084-exec-7]         be.pxl.services.services.LogService - Starting to add a new log entry for user: admin, product ID: 2
2024-11-28T18:01:48.208+0100 INFO               [http-nio-8084-exec-7]         be.pxl.services.services.LogService - Log entry for user 'admin' and product ID '2' successfully saved
2024-11-28T18:01:48.211+0100 INFO               [http-nio-8083-exec-1]         be.pxl.services.services.ProductService - Changes for product with id: 2 logged
2024-11-28T18:02:42.888+0100 INFO               [http-nio-8083-exec-2]         be.pxl.services.services.ProductService - Starting update for product with id: 2
2024-11-28T18:02:42.891+0100 DEBUG              [http-nio-8083-exec-2]         be.pxl.services.services.ProductService - Updating product fields for id: 2
2024-11-28T18:02:42.895+0100 INFO               [http-nio-8083-exec-2]         be.pxl.services.services.ProductService - Product with id 2 successfully updated
2024-11-28T18:02:42.895+0100 INFO               [http-nio-8083-exec-2]         be.pxl.services.services.ProductService - Logging changes for product with id: 2
2024-11-28T18:02:42.913+0100 INFO               [http-nio-8084-exec-6]         be.pxl.services.services.LogService - Starting to add a new log entry for user: admin, product ID: 2
2024-11-28T18:02:42.916+0100 INFO               [http-nio-8084-exec-6]         be.pxl.services.services.LogService - Log entry for user 'admin' and product ID '2' successfully saved
2024-11-28T18:02:42.917+0100 INFO               [http-nio-8083-exec-2]         be.pxl.services.services.ProductService - Changes for product with id: 2 logged
2024-11-28T18:03:00.887+0100 INFO               [main]                         be.pxl.services.ProductCatalogService - Starting ProductCatalogService using Java 21.0.1 with PID 61424 (C:\Users\Christo\Desktop\PXL\4de jaar\Fullstack Java\learning-microservices-with-spring-cloud-Christos-Lappas\backend-java\SpringCloudSustainableProducts\product-catalog-service\target\classes started by Christo in C:\Users\Christo\Desktop\PXL\4de jaar\Fullstack Java\learning-microservices-with-spring-cloud-Christos-Lappas\backend-java\SpringCloudSustainableProducts)
2024-11-28T18:03:00.889+0100 DEBUG              [main]                         be.pxl.services.ProductCatalogService - Running with Spring Boot v3.3.5, Spring v6.1.14
2024-11-28T18:03:00.889+0100 INFO               [main]                         be.pxl.services.ProductCatalogService - No active profile set, falling back to 1 default profile: "default"
2024-11-28T18:03:05.323+0100 INFO               [main]                         be.pxl.services.ProductCatalogService - Started ProductCatalogService in 5.415 seconds (process running for 6.477)
2024-11-28T18:03:17.496+0100 INFO               [http-nio-8083-exec-1]         be.pxl.services.services.ProductService - Starting update for product with id: 2
2024-11-28T18:03:17.561+0100 DEBUG              [http-nio-8083-exec-1]         be.pxl.services.services.ProductService - Updating product fields for id: 2
2024-11-28T18:03:17.592+0100 INFO               [http-nio-8083-exec-1]         be.pxl.services.services.ProductService - Product with id 2 successfully updated
2024-11-28T18:06:51.499+0100 INFO               [http-nio-8083-exec-1]         be.pxl.services.services.ProductService - Logging changes for product with id: 2
2024-11-28T18:06:51.612+0100 INFO               [http-nio-8084-exec-10]        be.pxl.services.services.LogService - Starting to add a new log entry for user: admin, product ID: 2
2024-11-28T18:06:51.616+0100 INFO               [http-nio-8084-exec-10]        be.pxl.services.services.LogService - Log entry for user 'admin' and product ID '2' successfully saved
2024-11-28T18:06:51.619+0100 INFO               [http-nio-8083-exec-1]         be.pxl.services.services.ProductService - Changes for product with id: 2 logged
2024-11-28T18:12:24.672+0100 INFO               [main]                         be.pxl.services.ProductCatalogService - Starting ProductCatalogService using Java 21.0.1 with PID 54140 (C:\Users\Christo\Desktop\PXL\4de jaar\Fullstack Java\learning-microservices-with-spring-cloud-Christos-Lappas\backend-java\SpringCloudSustainableProducts\product-catalog-service\target\classes started by Christo in C:\Users\Christo\Desktop\PXL\4de jaar\Fullstack Java\learning-microservices-with-spring-cloud-Christos-Lappas\backend-java\SpringCloudSustainableProducts)
2024-11-28T18:12:24.673+0100 DEBUG              [main]                         be.pxl.services.ProductCatalogService - Running with Spring Boot v3.3.5, Spring v6.1.14
2024-11-28T18:12:24.674+0100 INFO               [main]                         be.pxl.services.ProductCatalogService - No active profile set, falling back to 1 default profile: "default"
2024-11-28T18:12:28.896+0100 INFO               [main]                         be.pxl.services.ProductCatalogService - Started ProductCatalogService in 5.173 seconds (process running for 5.802)
2024-11-28T18:13:01.581+0100 INFO               [http-nio-8083-exec-1]         be.pxl.services.services.ProductService - Starting update for product with id: 2
2024-11-28T18:13:01.643+0100 DEBUG              [http-nio-8083-exec-1]         be.pxl.services.services.ProductService - Updating product fields for id: 2
2024-11-28T18:13:01.672+0100 INFO               [http-nio-8083-exec-1]         be.pxl.services.services.ProductService - Product with id 2 successfully updated
2024-11-28T18:13:01.672+0100 INFO               [http-nio-8083-exec-1]         be.pxl.services.services.ProductService - Logging changes for product with id: 2
2024-11-28T18:13:01.765+0100 INFO               [http-nio-8084-exec-2]         be.pxl.services.services.LogService - Starting to add a new log entry for user: admin, product ID: 2
2024-11-28T18:13:01.769+0100 INFO               [http-nio-8084-exec-2]         be.pxl.services.services.LogService - Log entry for user 'admin' and product ID '2' successfully saved
2024-11-28T18:13:01.772+0100 INFO               [http-nio-8083-exec-1]         be.pxl.services.services.ProductService - Changes for product with id: 2 logged
2024-11-28T18:15:44.473+0100 INFO               [main]                         be.pxl.services.ProductCatalogService - Starting ProductCatalogService using Java 21.0.1 with PID 64016 (C:\Users\Christo\Desktop\PXL\4de jaar\Fullstack Java\learning-microservices-with-spring-cloud-Christos-Lappas\backend-java\SpringCloudSustainableProducts\product-catalog-service\target\classes started by Christo in C:\Users\Christo\Desktop\PXL\4de jaar\Fullstack Java\learning-microservices-with-spring-cloud-Christos-Lappas\backend-java\SpringCloudSustainableProducts)
2024-11-28T18:15:44.474+0100 DEBUG              [main]                         be.pxl.services.ProductCatalogService - Running with Spring Boot v3.3.5, Spring v6.1.14
2024-11-28T18:15:44.475+0100 INFO               [main]                         be.pxl.services.ProductCatalogService - No active profile set, falling back to 1 default profile: "default"
2024-11-28T18:15:48.642+0100 INFO               [main]                         be.pxl.services.ProductCatalogService - Started ProductCatalogService in 5.094 seconds (process running for 5.707)
2024-11-28T18:16:31.217+0100 INFO               [http-nio-8083-exec-1]         be.pxl.services.services.ProductService - Starting update for product with id: 2
2024-11-28T18:16:31.279+0100 DEBUG              [http-nio-8083-exec-1]         be.pxl.services.services.ProductService - Updating product fields for id: 2
2024-11-28T18:16:31.309+0100 INFO               [http-nio-8083-exec-1]         be.pxl.services.services.ProductService - Product with id 2 successfully updated
2024-11-28T18:16:31.310+0100 INFO               [http-nio-8083-exec-1]         be.pxl.services.services.ProductService - Logging changes for product with id: 2
2024-11-28T18:16:31.401+0100 INFO               [http-nio-8084-exec-4]         be.pxl.services.services.LogService - Starting to add a new log entry for user: admin, product ID: 2
2024-11-28T18:16:31.405+0100 INFO               [http-nio-8084-exec-4]         be.pxl.services.services.LogService - Log entry for user 'admin' and product ID '2' successfully saved
2024-11-28T18:16:31.408+0100 INFO               [http-nio-8083-exec-1]         be.pxl.services.services.ProductService - Changes for product with id: 2 logged
2024-11-28T18:17:11.541+0100 INFO               [main]                         be.pxl.services.ProductCatalogService - Starting ProductCatalogService using Java 21.0.1 with PID 85080 (C:\Users\Christo\Desktop\PXL\4de jaar\Fullstack Java\learning-microservices-with-spring-cloud-Christos-Lappas\backend-java\SpringCloudSustainableProducts\product-catalog-service\target\classes started by Christo in C:\Users\Christo\Desktop\PXL\4de jaar\Fullstack Java\learning-microservices-with-spring-cloud-Christos-Lappas\backend-java\SpringCloudSustainableProducts)
2024-11-28T18:17:11.542+0100 DEBUG              [main]                         be.pxl.services.ProductCatalogService - Running with Spring Boot v3.3.5, Spring v6.1.14
2024-11-28T18:17:11.543+0100 INFO               [main]                         be.pxl.services.ProductCatalogService - No active profile set, falling back to 1 default profile: "default"
2024-11-28T18:17:15.694+0100 INFO               [main]                         be.pxl.services.ProductCatalogService - Started ProductCatalogService in 5.1 seconds (process running for 5.721)
2024-11-28T18:18:09.408+0100 INFO               [http-nio-8083-exec-1]         be.pxl.services.services.ProductService - Starting update for product with id: 2
2024-11-28T18:18:09.468+0100 DEBUG              [http-nio-8083-exec-1]         be.pxl.services.services.ProductService - Updating product fields for id: 2
2024-11-28T18:18:09.495+0100 INFO               [http-nio-8083-exec-1]         be.pxl.services.services.ProductService - Product with id 2 successfully updated
2024-11-28T18:18:09.496+0100 INFO               [http-nio-8083-exec-1]         be.pxl.services.services.ProductService - Logging changes for product with id: 2
2024-11-28T18:18:09.585+0100 INFO               [http-nio-8084-exec-8]         be.pxl.services.services.LogService - Starting to add a new log entry for user: admin, product ID: 2
2024-11-28T18:18:09.590+0100 INFO               [http-nio-8084-exec-8]         be.pxl.services.services.LogService - Log entry for user 'admin' and product ID '2' successfully saved
2024-11-28T18:18:09.593+0100 INFO               [http-nio-8083-exec-1]         be.pxl.services.services.ProductService - Changes for product with id: 2 logged
2024-11-28T18:18:36.838+0100 INFO               [main]                         be.pxl.services.ProductCatalogService - Starting ProductCatalogService using Java 21.0.1 with PID 29800 (C:\Users\Christo\Desktop\PXL\4de jaar\Fullstack Java\learning-microservices-with-spring-cloud-Christos-Lappas\backend-java\SpringCloudSustainableProducts\product-catalog-service\target\classes started by Christo in C:\Users\Christo\Desktop\PXL\4de jaar\Fullstack Java\learning-microservices-with-spring-cloud-Christos-Lappas\backend-java\SpringCloudSustainableProducts)
2024-11-28T18:18:36.839+0100 DEBUG              [main]                         be.pxl.services.ProductCatalogService - Running with Spring Boot v3.3.5, Spring v6.1.14
2024-11-28T18:18:36.840+0100 INFO               [main]                         be.pxl.services.ProductCatalogService - No active profile set, falling back to 1 default profile: "default"
2024-11-28T18:18:41.311+0100 INFO               [main]                         be.pxl.services.ProductCatalogService - Started ProductCatalogService in 5.473 seconds (process running for 6.171)
2024-11-28T18:18:57.363+0100 INFO               [http-nio-8083-exec-1]         be.pxl.services.services.ProductService - Starting update for product with id: 2
2024-11-28T18:18:57.432+0100 DEBUG              [http-nio-8083-exec-1]         be.pxl.services.services.ProductService - Updating product fields for id: 2
2024-11-28T18:18:57.463+0100 INFO               [http-nio-8083-exec-1]         be.pxl.services.services.ProductService - Product with id 2 successfully updated
2024-11-28T18:19:45.441+0100 INFO               [http-nio-8083-exec-1]         be.pxl.services.services.ProductService - Logging changes for product with id: 2
2024-11-28T18:19:46.074+0100 INFO               [http-nio-8084-exec-6]         be.pxl.services.services.LogService - Starting to add a new log entry for user: admin, product ID: 2
2024-11-28T18:19:46.078+0100 INFO               [http-nio-8084-exec-6]         be.pxl.services.services.LogService - Log entry for user 'admin' and product ID '2' successfully saved
2024-11-28T18:19:46.088+0100 INFO               [http-nio-8083-exec-1]         be.pxl.services.services.ProductService - Changes for product with id: 2 logged
2024-11-28T18:22:14.647+0100 INFO               [main]                         be.pxl.services.ProductCatalogService - Starting ProductCatalogService using Java 21.0.1 with PID 20308 (C:\Users\Christo\Desktop\PXL\4de jaar\Fullstack Java\learning-microservices-with-spring-cloud-Christos-Lappas\backend-java\SpringCloudSustainableProducts\product-catalog-service\target\classes started by Christo in C:\Users\Christo\Desktop\PXL\4de jaar\Fullstack Java\learning-microservices-with-spring-cloud-Christos-Lappas\backend-java\SpringCloudSustainableProducts)
2024-11-28T18:22:14.648+0100 DEBUG              [main]                         be.pxl.services.ProductCatalogService - Running with Spring Boot v3.3.5, Spring v6.1.14
2024-11-28T18:22:14.649+0100 INFO               [main]                         be.pxl.services.ProductCatalogService - No active profile set, falling back to 1 default profile: "default"
2024-11-28T18:22:18.843+0100 INFO               [main]                         be.pxl.services.ProductCatalogService - Started ProductCatalogService in 5.155 seconds (process running for 5.788)
2024-11-28T18:23:01.175+0100 INFO               [http-nio-8083-exec-1]         be.pxl.services.services.ProductService - Starting update for product with id: 2
2024-11-28T18:23:01.236+0100 DEBUG              [http-nio-8083-exec-1]         be.pxl.services.services.ProductService - Updating product fields for id: 2
2024-11-28T18:23:01.264+0100 INFO               [http-nio-8083-exec-1]         be.pxl.services.services.ProductService - Product with id 2 successfully updated
2024-11-28T18:23:01.264+0100 INFO               [http-nio-8083-exec-1]         be.pxl.services.services.ProductService - Logging changes for product with id: 2
2024-11-28T18:23:01.358+0100 INFO               [http-nio-8084-exec-10]        be.pxl.services.services.LogService - Starting to add a new log entry for user: admin, product ID: 2
2024-11-28T18:23:01.362+0100 INFO               [http-nio-8084-exec-10]        be.pxl.services.services.LogService - Log entry for user 'admin' and product ID '2' successfully saved
2024-11-28T18:23:01.365+0100 INFO               [http-nio-8083-exec-1]         be.pxl.services.services.ProductService - Changes for product with id: 2 logged
