2024-12-03T15:47:06.446+0100 INFO               [main]                         be.pxl.services.ProductTest   - Starting ProductTest using Java 21.0.1 with PID 13436 (started by Christo in C:\Users\Christo\Desktop\PXL\4de jaar\Fullstack Java\learning-microservices-with-spring-cloud-Christos-Lappas\backend-java\SpringCloudSustainableProducts\product-catalog-service)
2024-12-03T15:47:06.447+0100 DEBUG              [main]                         be.pxl.services.ProductTest   - Running with Spring Boot v3.3.5, Spring v6.1.14
2024-12-03T15:47:06.448+0100 INFO               [main]                         be.pxl.services.ProductTest   - No active profile set, falling back to 1 default profile: "default"
2024-12-03T15:47:11.790+0100 INFO               [main]                         be.pxl.services.ProductTest   - Started ProductTest in 6.362 seconds (process running for 20.987)
2024-12-03T15:47:12.402+0100 INFO               [main]                         be.pxl.services.controller.ProductController - Received GET request at /api/product/filter to search products
2024-12-03T15:47:12.403+0100 DEBUG              [main]                         be.pxl.services.controller.ProductController - Filter parameters - Category: HOME, Score: B, Name: mid, Label: null, MaxPrice: null
2024-12-03T15:47:12.403+0100 DEBUG              [main]                         be.pxl.services.controller.ProductController - Calling ProductService.getFilteredProducts() with provided filters
2024-12-03T15:47:12.403+0100 INFO               [main]                         be.pxl.services.services.ProductService - Fetching filtered products with criteria - Category: HOME, Score: B, Name: mid, Label: null
2024-12-03T15:47:12.567+0100 INFO               [main]                         be.pxl.services.services.ProductService - Found 1 products matching the filter criteria
2024-12-03T15:47:12.567+0100 INFO               [main]                         be.pxl.services.services.ProductService - Successfully retrieved filtered products
2024-12-03T15:47:12.567+0100 INFO               [main]                         be.pxl.services.controller.ProductController - Successfully fetched filtered products
2024-12-03T15:47:12.685+0100 INFO               [main]                         be.pxl.services.controller.ProductController - Received POST request at /api/product to add a new product
2024-12-03T15:47:12.686+0100 DEBUG              [main]                         be.pxl.services.controller.ProductController - ProductRequest received: ProductRequest(name=Wasmiddel, description=Beste wasmiddel, price=12.99, stock=18, category=HOME, score=B, labels=null)
2024-12-03T15:47:12.688+0100 INFO               [main]                         be.pxl.services.services.ProductService - Starting to add a new product with name: Wasmiddel
2024-12-03T15:47:12.702+0100 INFO               [main]                         be.pxl.services.services.ProductService - Product with name 'Wasmiddel' successfully added to the database
2024-12-03T15:47:12.702+0100 INFO               [main]                         be.pxl.services.controller.ProductController - Successfully added product: Wasmiddel
2024-12-03T15:47:12.731+0100 INFO               [main]                         be.pxl.services.controller.ProductController - Received GET request at /api/product/3
2024-12-03T15:47:12.731+0100 DEBUG              [main]                         be.pxl.services.controller.ProductController - Calling ProductService.getProduct() with id: 3
2024-12-03T15:47:12.731+0100 INFO               [main]                         be.pxl.services.services.ProductService - Getting product...
2024-12-03T15:47:12.745+0100 INFO               [main]                         be.pxl.services.controller.ProductController - Successfully retrieved product with id: 3
2024-12-03T15:47:12.774+0100 INFO               [main]                         be.pxl.services.controller.ProductController - Received GET request at /api/product
2024-12-03T15:47:12.774+0100 DEBUG              [main]                         be.pxl.services.controller.ProductController - Calling ProductService.getAllProducts()
2024-12-03T15:47:12.774+0100 INFO               [main]                         be.pxl.services.services.ProductService - Fetching all products from the database
2024-12-03T15:47:12.781+0100 DEBUG              [main]                         be.pxl.services.services.ProductService - Fetched 1 products from the database
2024-12-03T15:47:12.781+0100 INFO               [main]                         be.pxl.services.services.ProductService - Successfully retrieved 1 products in 7 ms
2024-12-03T15:47:12.781+0100 INFO               [main]                         be.pxl.services.controller.ProductController - Successfully retrieved 1 products
2024-12-03T19:11:08.008+0100 INFO               [main]                         be.pxl.services.ProductTest   - Starting ProductTest using Java 21.0.1 with PID 20876 (started by Christo in C:\Users\Christo\Desktop\PXL\4de jaar\Fullstack Java\learning-microservices-with-spring-cloud-Christos-Lappas\backend-java\SpringCloudSustainableProducts\product-catalog-service)
2024-12-03T19:11:08.009+0100 DEBUG              [main]                         be.pxl.services.ProductTest   - Running with Spring Boot v3.3.5, Spring v6.1.14
2024-12-03T19:11:08.010+0100 INFO               [main]                         be.pxl.services.ProductTest   - No active profile set, falling back to 1 default profile: "default"
2024-12-03T19:11:14.687+0100 INFO               [main]                         be.pxl.services.ProductTest   - Started ProductTest in 8.049 seconds (process running for 21.132)
2024-12-03T19:11:15.331+0100 INFO               [main]                         be.pxl.services.controller.ProductController - Received GET request at /api/product/filter to search products
2024-12-03T19:11:15.331+0100 DEBUG              [main]                         be.pxl.services.controller.ProductController - Filter parameters - Category: HOME, Score: B, Name: mid, Label: null, MaxPrice: null
2024-12-03T19:11:15.331+0100 DEBUG              [main]                         be.pxl.services.controller.ProductController - Calling ProductService.getFilteredProducts() with provided filters
2024-12-03T19:11:15.331+0100 INFO               [main]                         be.pxl.services.services.ProductService - Fetching filtered products with criteria - Category: HOME, Score: B, Name: mid, Label: null
2024-12-03T19:11:15.527+0100 INFO               [main]                         be.pxl.services.services.ProductService - Found 1 products matching the filter criteria
2024-12-03T19:11:15.527+0100 INFO               [main]                         be.pxl.services.services.ProductService - Successfully retrieved filtered products
2024-12-03T19:11:15.528+0100 INFO               [main]                         be.pxl.services.controller.ProductController - Successfully fetched filtered products
2024-12-03T19:11:15.648+0100 INFO               [main]                         be.pxl.services.controller.ProductController - Received POST request at /api/product to add a new product
2024-12-03T19:11:15.649+0100 DEBUG              [main]                         be.pxl.services.controller.ProductController - ProductRequest received: ProductRequest(name=Wasmiddel, description=Beste wasmiddel, price=12.99, stock=18, category=HOME, score=B, labels=null)
2024-12-03T19:11:15.652+0100 INFO               [main]                         be.pxl.services.services.ProductService - Starting to add a new product with name: Wasmiddel
2024-12-03T19:11:15.666+0100 INFO               [main]                         be.pxl.services.services.ProductService - Product with name 'Wasmiddel' successfully added to the database
2024-12-03T19:11:15.666+0100 INFO               [main]                         be.pxl.services.controller.ProductController - Successfully added product: Wasmiddel
2024-12-03T19:11:15.698+0100 INFO               [main]                         be.pxl.services.controller.ProductController - Received GET request at /api/product/3
2024-12-03T19:11:15.698+0100 DEBUG              [main]                         be.pxl.services.controller.ProductController - Calling ProductService.getProduct() with id: 3
2024-12-03T19:11:15.699+0100 INFO               [main]                         be.pxl.services.services.ProductService - Getting product...
2024-12-03T19:11:15.713+0100 INFO               [main]                         be.pxl.services.controller.ProductController - Successfully retrieved product with id: 3
2024-12-03T19:11:15.750+0100 INFO               [main]                         be.pxl.services.controller.ProductController - Received GET request at /api/product
2024-12-03T19:11:15.750+0100 DEBUG              [main]                         be.pxl.services.controller.ProductController - Calling ProductService.getAllProducts()
2024-12-03T19:11:15.751+0100 INFO               [main]                         be.pxl.services.services.ProductService - Fetching all products from the database
2024-12-03T19:11:15.757+0100 DEBUG              [main]                         be.pxl.services.services.ProductService - Fetched 1 products from the database
2024-12-03T19:11:15.758+0100 INFO               [main]                         be.pxl.services.services.ProductService - Successfully retrieved 1 products in 7 ms
2024-12-03T19:11:15.758+0100 INFO               [main]                         be.pxl.services.controller.ProductController - Successfully retrieved 1 products
2024-12-03T19:21:38.287+0100 INFO               [main]                         be.pxl.services.ProductTest   - Starting ProductTest using Java 21.0.1 with PID 13108 (started by Christo in C:\Users\Christo\Desktop\PXL\4de jaar\Fullstack Java\learning-microservices-with-spring-cloud-Christos-Lappas\backend-java\SpringCloudSustainableProducts\product-catalog-service)
2024-12-03T19:21:38.288+0100 DEBUG              [main]                         be.pxl.services.ProductTest   - Running with Spring Boot v3.3.5, Spring v6.1.14
2024-12-03T19:21:38.289+0100 INFO               [main]                         be.pxl.services.ProductTest   - No active profile set, falling back to 1 default profile: "default"
2024-12-03T19:21:44.009+0100 INFO               [main]                         be.pxl.services.ProductTest   - Started ProductTest in 6.942 seconds (process running for 20.763)
2024-12-03T19:21:44.669+0100 INFO               [main]                         be.pxl.services.controller.ProductController - Received GET request at /api/product/filter to search products
2024-12-03T19:21:44.669+0100 DEBUG              [main]                         be.pxl.services.controller.ProductController - Filter parameters - Category: HOME, Score: B, Name: mid, Label: null, MaxPrice: null
2024-12-03T19:21:44.669+0100 DEBUG              [main]                         be.pxl.services.controller.ProductController - Calling ProductService.getFilteredProducts() with provided filters
2024-12-03T19:21:44.669+0100 INFO               [main]                         be.pxl.services.services.ProductService - Fetching filtered products with criteria - Category: HOME, Score: B, Name: mid, Label: null
2024-12-03T19:21:44.866+0100 INFO               [main]                         be.pxl.services.services.ProductService - Found 1 products matching the filter criteria
2024-12-03T19:21:44.866+0100 INFO               [main]                         be.pxl.services.services.ProductService - Successfully retrieved filtered products
2024-12-03T19:21:44.866+0100 INFO               [main]                         be.pxl.services.controller.ProductController - Successfully fetched filtered products
2024-12-03T19:21:44.995+0100 INFO               [main]                         be.pxl.services.controller.ProductController - Received POST request at /api/product to add a new product
2024-12-03T19:21:44.996+0100 DEBUG              [main]                         be.pxl.services.controller.ProductController - ProductRequest received: ProductRequest(name=Wasmiddel, description=Beste wasmiddel, price=12.99, stock=18, category=HOME, score=B, labels=null)
2024-12-03T19:21:44.999+0100 INFO               [main]                         be.pxl.services.services.ProductService - Starting to add a new product with name: Wasmiddel
2024-12-03T19:21:45.015+0100 INFO               [main]                         be.pxl.services.services.ProductService - Product with name 'Wasmiddel' successfully added to the database
2024-12-03T19:21:45.016+0100 INFO               [main]                         be.pxl.services.controller.ProductController - Successfully added product: Wasmiddel
2024-12-03T19:21:45.052+0100 INFO               [main]                         be.pxl.services.controller.ProductController - Received GET request at /api/product/3
2024-12-03T19:21:45.052+0100 DEBUG              [main]                         be.pxl.services.controller.ProductController - Calling ProductService.getProduct() with id: 3
2024-12-03T19:21:45.052+0100 INFO               [main]                         be.pxl.services.services.ProductService - Getting product...
2024-12-03T19:21:45.069+0100 INFO               [main]                         be.pxl.services.controller.ProductController - Successfully retrieved product with id: 3
2024-12-03T19:21:45.104+0100 INFO               [main]                         be.pxl.services.controller.ProductController - Received GET request at /api/product
2024-12-03T19:21:45.104+0100 DEBUG              [main]                         be.pxl.services.controller.ProductController - Calling ProductService.getAllProducts()
2024-12-03T19:21:45.104+0100 INFO               [main]                         be.pxl.services.services.ProductService - Fetching all products from the database
2024-12-03T19:21:45.110+0100 DEBUG              [main]                         be.pxl.services.services.ProductService - Fetched 1 products from the database
2024-12-03T19:21:45.111+0100 INFO               [main]                         be.pxl.services.services.ProductService - Successfully retrieved 1 products in 7 ms
2024-12-03T19:21:45.111+0100 INFO               [main]                         be.pxl.services.controller.ProductController - Successfully retrieved 1 products
2024-12-03T19:24:02.637+0100 INFO               [main]                         be.pxl.services.ProductTest   - Starting ProductTest using Java 21.0.1 with PID 34836 (started by Christo in C:\Users\Christo\Desktop\PXL\4de jaar\Fullstack Java\learning-microservices-with-spring-cloud-Christos-Lappas\backend-java\SpringCloudSustainableProducts\product-catalog-service)
2024-12-03T19:24:02.638+0100 DEBUG              [main]                         be.pxl.services.ProductTest   - Running with Spring Boot v3.3.5, Spring v6.1.14
2024-12-03T19:24:02.639+0100 INFO               [main]                         be.pxl.services.ProductTest   - No active profile set, falling back to 1 default profile: "default"
2024-12-03T19:24:08.456+0100 INFO               [main]                         be.pxl.services.ProductTest   - Started ProductTest in 6.952 seconds (process running for 19.243)
2024-12-03T19:24:09.125+0100 INFO               [main]                         be.pxl.services.controller.ProductController - Received GET request at /api/product/filter to search products
2024-12-03T19:24:09.125+0100 DEBUG              [main]                         be.pxl.services.controller.ProductController - Filter parameters - Category: HOME, Score: B, Name: mid, Label: null, MaxPrice: null
2024-12-03T19:24:09.125+0100 DEBUG              [main]                         be.pxl.services.controller.ProductController - Calling ProductService.getFilteredProducts() with provided filters
2024-12-03T19:24:09.125+0100 INFO               [main]                         be.pxl.services.services.ProductService - Fetching filtered products with criteria - Category: HOME, Score: B, Name: mid, Label: null
2024-12-03T19:24:09.312+0100 INFO               [main]                         be.pxl.services.services.ProductService - Found 1 products matching the filter criteria
2024-12-03T19:24:09.312+0100 INFO               [main]                         be.pxl.services.services.ProductService - Successfully retrieved filtered products
2024-12-03T19:24:09.312+0100 INFO               [main]                         be.pxl.services.controller.ProductController - Successfully fetched filtered products
2024-12-03T19:24:09.453+0100 INFO               [main]                         be.pxl.services.controller.ProductController - Received POST request at /api/product to add a new product
2024-12-03T19:24:09.453+0100 DEBUG              [main]                         be.pxl.services.controller.ProductController - ProductRequest received: ProductRequest(name=Wasmiddel, description=Beste wasmiddel, price=12.99, stock=18, category=HOME, score=B, labels=null)
2024-12-03T19:24:09.456+0100 INFO               [main]                         be.pxl.services.services.ProductService - Starting to add a new product with name: Wasmiddel
2024-12-03T19:24:09.470+0100 INFO               [main]                         be.pxl.services.services.ProductService - Product with name 'Wasmiddel' successfully added to the database
2024-12-03T19:24:09.470+0100 INFO               [main]                         be.pxl.services.controller.ProductController - Successfully added product: Wasmiddel
2024-12-03T19:24:09.502+0100 INFO               [main]                         be.pxl.services.controller.ProductController - Received GET request at /api/product/3
2024-12-03T19:24:09.502+0100 DEBUG              [main]                         be.pxl.services.controller.ProductController - Calling ProductService.getProduct() with id: 3
2024-12-03T19:24:09.502+0100 INFO               [main]                         be.pxl.services.services.ProductService - Getting product...
2024-12-03T19:24:09.516+0100 INFO               [main]                         be.pxl.services.controller.ProductController - Successfully retrieved product with id: 3
2024-12-03T19:24:09.549+0100 INFO               [main]                         be.pxl.services.controller.ProductController - Received GET request at /api/product
2024-12-03T19:24:09.549+0100 DEBUG              [main]                         be.pxl.services.controller.ProductController - Calling ProductService.getAllProducts()
2024-12-03T19:24:09.549+0100 INFO               [main]                         be.pxl.services.services.ProductService - Fetching all products from the database
2024-12-03T19:24:09.556+0100 DEBUG              [main]                         be.pxl.services.services.ProductService - Fetched 1 products from the database
2024-12-03T19:24:09.556+0100 INFO               [main]                         be.pxl.services.services.ProductService - Successfully retrieved 1 products in 7 ms
2024-12-03T19:24:09.556+0100 INFO               [main]                         be.pxl.services.controller.ProductController - Successfully retrieved 1 products
2024-12-03T19:32:49.243+0100 INFO               [main]                         be.pxl.services.ProductTest   - Starting ProductTest using Java 21.0.1 with PID 40520 (started by Christo in C:\Users\Christo\Desktop\PXL\4de jaar\Fullstack Java\learning-microservices-with-spring-cloud-Christos-Lappas\backend-java\SpringCloudSustainableProducts\product-catalog-service)
2024-12-03T19:32:49.245+0100 DEBUG              [main]                         be.pxl.services.ProductTest   - Running with Spring Boot v3.3.5, Spring v6.1.14
2024-12-03T19:32:49.246+0100 INFO               [main]                         be.pxl.services.ProductTest   - No active profile set, falling back to 1 default profile: "default"
2024-12-03T19:32:55.816+0100 INFO               [main]                         be.pxl.services.ProductTest   - Started ProductTest in 7.849 seconds (process running for 22.205)
2024-12-03T19:32:56.561+0100 INFO               [main]                         be.pxl.services.controller.ProductController - Received DELETE request at /api/product/1 to remove a product
2024-12-03T19:32:56.561+0100 DEBUG              [main]                         be.pxl.services.controller.ProductController - Calling ProductService.removeProduct() with id: 1
2024-12-03T19:32:56.561+0100 INFO               [main]                         be.pxl.services.services.ProductService - Attempting to delete product with ID 1
2024-12-03T19:32:56.579+0100 DEBUG              [main]                         be.pxl.services.services.ProductService - Successfully fetched product with ID 1
2024-12-03T19:32:56.594+0100 INFO               [main]                         be.pxl.services.services.ProductService - Successfully deleted product with ID 1
2024-12-03T19:32:56.595+0100 INFO               [main]                         be.pxl.services.controller.ProductController - Successfully removed product with id: 1
2024-12-03T19:35:32.928+0100 INFO               [main]                         be.pxl.services.ProductTest   - Starting ProductTest using Java 21.0.1 with PID 20832 (started by Christo in C:\Users\Christo\Desktop\PXL\4de jaar\Fullstack Java\learning-microservices-with-spring-cloud-Christos-Lappas\backend-java\SpringCloudSustainableProducts\product-catalog-service)
2024-12-03T19:35:32.930+0100 DEBUG              [main]                         be.pxl.services.ProductTest   - Running with Spring Boot v3.3.5, Spring v6.1.14
2024-12-03T19:35:32.931+0100 INFO               [main]                         be.pxl.services.ProductTest   - No active profile set, falling back to 1 default profile: "default"
2024-12-03T19:35:40.103+0100 INFO               [main]                         be.pxl.services.ProductTest   - Started ProductTest in 8.512 seconds (process running for 21.688)
2024-12-03T19:35:40.921+0100 INFO               [main]                         be.pxl.services.controller.ProductController - Received PUT request at /api/product/1 to update product
2024-12-03T19:35:40.921+0100 DEBUG              [main]                         be.pxl.services.controller.ProductController - ProductRequest received: ProductRequest(name=Updated Detergent, description=Even better cleaning power, price=12.99, stock=30, category=HOME, score=A, labels=null)
2024-12-03T19:35:40.924+0100 DEBUG              [main]                         be.pxl.services.controller.ProductController - Calling ProductService.updateProduct() with id: 1
2024-12-03T19:35:40.924+0100 INFO               [main]                         be.pxl.services.services.ProductService - Starting update for product with id: 1
2024-12-03T19:35:40.940+0100 DEBUG              [main]                         be.pxl.services.services.ProductService - Updating product fields for id: 1
2024-12-03T19:35:40.959+0100 INFO               [main]                         be.pxl.services.services.ProductService - Product with id 1 successfully updated
2024-12-03T19:35:40.959+0100 INFO               [main]                         be.pxl.services.services.ProductService - Logging changes for product with id: 1
2024-12-03T19:35:41.176+0100 INFO               [main]                         be.pxl.services.services.ProductService - Changes for product with id: 1 logged
2024-12-03T19:35:41.177+0100 INFO               [main]                         be.pxl.services.controller.ProductController - Successfully updated product with id: 1
2024-12-03T19:37:54.932+0100 INFO               [main]                         be.pxl.services.ProductTest   - Starting ProductTest using Java 21.0.1 with PID 20728 (started by Christo in C:\Users\Christo\Desktop\PXL\4de jaar\Fullstack Java\learning-microservices-with-spring-cloud-Christos-Lappas\backend-java\SpringCloudSustainableProducts\product-catalog-service)
2024-12-03T19:37:54.934+0100 DEBUG              [main]                         be.pxl.services.ProductTest   - Running with Spring Boot v3.3.5, Spring v6.1.14
2024-12-03T19:37:54.935+0100 INFO               [main]                         be.pxl.services.ProductTest   - No active profile set, falling back to 1 default profile: "default"
2024-12-03T19:38:01.742+0100 INFO               [main]                         be.pxl.services.ProductTest   - Started ProductTest in 8.068 seconds (process running for 22.46)
2024-12-03T19:38:02.540+0100 INFO               [main]                         be.pxl.services.controller.ProductController - Received POST request at /api/product/1/labels to add label
2024-12-03T19:38:02.540+0100 DEBUG              [main]                         be.pxl.services.controller.ProductController - Label to be added: Eco-Friendly
2024-12-03T19:38:02.540+0100 INFO               [main]                         be.pxl.services.services.ProductService - Attempting to add Eco-Friendly label to product with ID 1
2024-12-03T19:38:02.556+0100 DEBUG              [main]                         be.pxl.services.services.ProductService - Successfully fetched product with ID 1
2024-12-03T19:38:02.574+0100 INFO               [main]                         be.pxl.services.services.ProductService - Successfully added  Eco-Friendly label to product with ID 1
2024-12-03T19:38:02.575+0100 INFO               [main]                         be.pxl.services.controller.ProductController - Successfully added label 'Eco-Friendly' to product with id: 1
2024-12-03T19:42:14.316+0100 INFO               [main]                         be.pxl.services.ProductTest   - Starting ProductTest using Java 21.0.1 with PID 46472 (started by Christo in C:\Users\Christo\Desktop\PXL\4de jaar\Fullstack Java\learning-microservices-with-spring-cloud-Christos-Lappas\backend-java\SpringCloudSustainableProducts\product-catalog-service)
2024-12-03T19:42:14.317+0100 DEBUG              [main]                         be.pxl.services.ProductTest   - Running with Spring Boot v3.3.5, Spring v6.1.14
2024-12-03T19:42:14.318+0100 INFO               [main]                         be.pxl.services.ProductTest   - No active profile set, falling back to 1 default profile: "default"
2024-12-03T19:42:20.161+0100 INFO               [main]                         be.pxl.services.ProductTest   - Started ProductTest in 7.058 seconds (process running for 20.126)
2024-12-03T19:42:20.800+0100 INFO               [main]                         be.pxl.services.controller.ProductController - Received GET request at /api/product/filter to search products
2024-12-03T19:42:20.800+0100 DEBUG              [main]                         be.pxl.services.controller.ProductController - Filter parameters - Category: HOME, Score: B, Name: mid, Label: null, MaxPrice: null
2024-12-03T19:42:20.800+0100 DEBUG              [main]                         be.pxl.services.controller.ProductController - Calling ProductService.getFilteredProducts() with provided filters
2024-12-03T19:42:20.800+0100 INFO               [main]                         be.pxl.services.services.ProductService - Fetching filtered products with criteria - Category: HOME, Score: B, Name: mid, Label: null
2024-12-03T19:42:20.990+0100 INFO               [main]                         be.pxl.services.services.ProductService - Found 1 products matching the filter criteria
2024-12-03T19:42:20.990+0100 INFO               [main]                         be.pxl.services.services.ProductService - Successfully retrieved filtered products
2024-12-03T19:42:20.990+0100 INFO               [main]                         be.pxl.services.controller.ProductController - Successfully fetched filtered products
2024-12-03T19:42:21.113+0100 INFO               [main]                         be.pxl.services.controller.ProductController - Received POST request at /api/product to add a new product
2024-12-03T19:42:21.114+0100 DEBUG              [main]                         be.pxl.services.controller.ProductController - ProductRequest received: ProductRequest(name=Wasmiddel, description=Beste wasmiddel, price=12.99, stock=18, category=HOME, score=B, labels=null)
2024-12-03T19:42:21.117+0100 INFO               [main]                         be.pxl.services.services.ProductService - Starting to add a new product with name: Wasmiddel
2024-12-03T19:42:21.132+0100 INFO               [main]                         be.pxl.services.services.ProductService - Product with name 'Wasmiddel' successfully added to the database
2024-12-03T19:42:21.132+0100 INFO               [main]                         be.pxl.services.controller.ProductController - Successfully added product: Wasmiddel
2024-12-03T19:42:21.165+0100 INFO               [main]                         be.pxl.services.controller.ProductController - Received GET request at /api/product/3
2024-12-03T19:42:21.165+0100 DEBUG              [main]                         be.pxl.services.controller.ProductController - Calling ProductService.getProduct() with id: 3
2024-12-03T19:42:21.165+0100 INFO               [main]                         be.pxl.services.services.ProductService - Getting product...
2024-12-03T19:42:21.179+0100 INFO               [main]                         be.pxl.services.controller.ProductController - Successfully retrieved product with id: 3
2024-12-03T19:42:21.220+0100 INFO               [main]                         be.pxl.services.controller.ProductController - Received PUT request at /api/product/4 to update product
2024-12-03T19:42:21.221+0100 DEBUG              [main]                         be.pxl.services.controller.ProductController - ProductRequest received: ProductRequest(name=Updated Detergent, description=Even better cleaning power, price=12.99, stock=30, category=HOME, score=A, labels=null)
2024-12-03T19:42:21.221+0100 DEBUG              [main]                         be.pxl.services.controller.ProductController - Calling ProductService.updateProduct() with id: 4
2024-12-03T19:42:21.221+0100 INFO               [main]                         be.pxl.services.services.ProductService - Starting update for product with id: 4
2024-12-03T19:42:21.228+0100 DEBUG              [main]                         be.pxl.services.services.ProductService - Updating product fields for id: 4
2024-12-03T19:42:21.242+0100 INFO               [main]                         be.pxl.services.services.ProductService - Product with id 4 successfully updated
2024-12-03T19:42:21.242+0100 INFO               [main]                         be.pxl.services.services.ProductService - Logging changes for product with id: 4
2024-12-03T19:42:21.363+0100 INFO               [main]                         be.pxl.services.services.ProductService - Changes for product with id: 4 logged
2024-12-03T19:42:21.364+0100 INFO               [main]                         be.pxl.services.controller.ProductController - Successfully updated product with id: 4
2024-12-03T19:42:21.392+0100 INFO               [main]                         be.pxl.services.controller.ProductController - Received GET request at /api/product
2024-12-03T19:42:21.393+0100 DEBUG              [main]                         be.pxl.services.controller.ProductController - Calling ProductService.getAllProducts()
2024-12-03T19:42:21.393+0100 INFO               [main]                         be.pxl.services.services.ProductService - Fetching all products from the database
2024-12-03T19:42:21.400+0100 DEBUG              [main]                         be.pxl.services.services.ProductService - Fetched 1 products from the database
2024-12-03T19:42:21.401+0100 INFO               [main]                         be.pxl.services.services.ProductService - Successfully retrieved 1 products in 8 ms
2024-12-03T19:42:21.401+0100 INFO               [main]                         be.pxl.services.controller.ProductController - Successfully retrieved 1 products
2024-12-03T19:42:21.436+0100 INFO               [main]                         be.pxl.services.controller.ProductController - Received DELETE request at /api/product/6/labels to remove label
2024-12-03T19:42:21.437+0100 DEBUG              [main]                         be.pxl.services.controller.ProductController - Label to be removed: Eco-Friendly
2024-12-03T19:42:21.437+0100 INFO               [main]                         be.pxl.services.services.ProductService - Attempting to delete Eco-Friendly label from product with ID 6
2024-12-03T19:42:21.443+0100 DEBUG              [main]                         be.pxl.services.services.ProductService - Successfully fetched product with ID 6
2024-12-03T19:42:21.449+0100 INFO               [main]                         be.pxl.services.services.ProductService - Successfully deleted Eco-Friendly label from product with ID 6
2024-12-03T19:42:21.449+0100 INFO               [main]                         be.pxl.services.controller.ProductController - Successfully removed label 'Eco-Friendly' from product with id: 6
2024-12-03T19:42:21.484+0100 INFO               [main]                         be.pxl.services.controller.ProductController - Received DELETE request at /api/product/7 to remove a product
2024-12-03T19:42:21.485+0100 DEBUG              [main]                         be.pxl.services.controller.ProductController - Calling ProductService.removeProduct() with id: 7
2024-12-03T19:42:21.485+0100 INFO               [main]                         be.pxl.services.services.ProductService - Attempting to delete product with ID 7
2024-12-03T19:42:21.491+0100 DEBUG              [main]                         be.pxl.services.services.ProductService - Successfully fetched product with ID 7
2024-12-03T19:42:21.498+0100 INFO               [main]                         be.pxl.services.services.ProductService - Successfully deleted product with ID 7
2024-12-03T19:42:21.498+0100 INFO               [main]                         be.pxl.services.controller.ProductController - Successfully removed product with id: 7
2024-12-03T19:42:21.534+0100 INFO               [main]                         be.pxl.services.controller.ProductController - Received POST request at /api/product/8/labels to add label
2024-12-03T19:42:21.534+0100 DEBUG              [main]                         be.pxl.services.controller.ProductController - Label to be added: Eco-Friendly
2024-12-03T19:42:21.534+0100 INFO               [main]                         be.pxl.services.services.ProductService - Attempting to add Eco-Friendly label to product with ID 8
2024-12-03T19:42:21.541+0100 DEBUG              [main]                         be.pxl.services.services.ProductService - Successfully fetched product with ID 8
2024-12-03T19:42:21.548+0100 INFO               [main]                         be.pxl.services.services.ProductService - Successfully added  Eco-Friendly label to product with ID 8
2024-12-03T19:42:21.548+0100 INFO               [main]                         be.pxl.services.controller.ProductController - Successfully added label 'Eco-Friendly' to product with id: 8
2024-12-03T19:47:44.294+0100 INFO               [main]                         be.pxl.services.ProductTest   - Starting ProductTest using Java 21.0.1 with PID 17332 (started by Christo in C:\Users\Christo\Desktop\PXL\4de jaar\Fullstack Java\learning-microservices-with-spring-cloud-Christos-Lappas\backend-java\SpringCloudSustainableProducts\product-catalog-service)
2024-12-03T19:47:44.295+0100 DEBUG              [main]                         be.pxl.services.ProductTest   - Running with Spring Boot v3.3.5, Spring v6.1.14
2024-12-03T19:47:44.296+0100 INFO               [main]                         be.pxl.services.ProductTest   - No active profile set, falling back to 1 default profile: "default"
2024-12-03T19:47:50.994+0100 INFO               [main]                         be.pxl.services.ProductTest   - Started ProductTest in 7.979 seconds (process running for 22.588)
2024-12-03T19:47:51.626+0100 INFO               [main]                         be.pxl.services.controller.ProductController - Received GET request at /api/product/filter to search products
2024-12-03T19:47:51.626+0100 DEBUG              [main]                         be.pxl.services.controller.ProductController - Filter parameters - Category: HOME, Score: B, Name: mid, Label: null, MaxPrice: null
2024-12-03T19:47:51.626+0100 DEBUG              [main]                         be.pxl.services.controller.ProductController - Calling ProductService.getFilteredProducts() with provided filters
2024-12-03T19:47:51.626+0100 INFO               [main]                         be.pxl.services.services.ProductService - Fetching filtered products with criteria - Category: HOME, Score: B, Name: mid, Label: null
2024-12-03T19:47:51.800+0100 INFO               [main]                         be.pxl.services.services.ProductService - Found 1 products matching the filter criteria
2024-12-03T19:47:51.800+0100 INFO               [main]                         be.pxl.services.services.ProductService - Successfully retrieved filtered products
2024-12-03T19:47:51.800+0100 INFO               [main]                         be.pxl.services.controller.ProductController - Successfully fetched filtered products
2024-12-03T19:47:51.937+0100 INFO               [main]                         be.pxl.services.controller.ProductController - Received POST request at /api/product to add a new product
2024-12-03T19:47:51.938+0100 DEBUG              [main]                         be.pxl.services.controller.ProductController - ProductRequest received: ProductRequest(name=Wasmiddel, description=Beste wasmiddel, price=12.99, stock=18, category=HOME, score=B, labels=null)
2024-12-03T19:47:51.942+0100 INFO               [main]                         be.pxl.services.services.ProductService - Starting to add a new product with name: Wasmiddel
2024-12-03T19:47:51.956+0100 INFO               [main]                         be.pxl.services.services.ProductService - Product with name 'Wasmiddel' successfully added to the database
2024-12-03T19:47:51.957+0100 INFO               [main]                         be.pxl.services.controller.ProductController - Successfully added product: Wasmiddel
2024-12-03T19:47:51.989+0100 INFO               [main]                         be.pxl.services.controller.ProductController - Received GET request at /api/product/3
2024-12-03T19:47:51.989+0100 DEBUG              [main]                         be.pxl.services.controller.ProductController - Calling ProductService.getProduct() with id: 3
2024-12-03T19:47:51.989+0100 INFO               [main]                         be.pxl.services.services.ProductService - Getting product...
2024-12-03T19:47:52.003+0100 INFO               [main]                         be.pxl.services.controller.ProductController - Successfully retrieved product with id: 3
2024-12-03T19:47:52.047+0100 INFO               [main]                         be.pxl.services.controller.ProductController - Received PUT request at /api/product/4 to update product
2024-12-03T19:47:52.047+0100 DEBUG              [main]                         be.pxl.services.controller.ProductController - ProductRequest received: ProductRequest(name=Updated Detergent, description=Even better cleaning power, price=12.99, stock=30, category=HOME, score=A, labels=null)
2024-12-03T19:47:52.047+0100 DEBUG              [main]                         be.pxl.services.controller.ProductController - Calling ProductService.updateProduct() with id: 4
2024-12-03T19:47:52.047+0100 INFO               [main]                         be.pxl.services.services.ProductService - Starting update for product with id: 4
2024-12-03T19:47:52.054+0100 DEBUG              [main]                         be.pxl.services.services.ProductService - Updating product fields for id: 4
2024-12-03T19:47:52.067+0100 INFO               [main]                         be.pxl.services.services.ProductService - Product with id 4 successfully updated
2024-12-03T19:47:52.067+0100 INFO               [main]                         be.pxl.services.services.ProductService - Logging changes for product with id: 4
2024-12-03T19:47:52.176+0100 INFO               [main]                         be.pxl.services.services.ProductService - Changes for product with id: 4 logged
2024-12-03T19:47:52.176+0100 INFO               [main]                         be.pxl.services.controller.ProductController - Successfully updated product with id: 4
2024-12-03T19:47:52.204+0100 INFO               [main]                         be.pxl.services.controller.ProductController - Received GET request at /api/product
2024-12-03T19:47:52.204+0100 DEBUG              [main]                         be.pxl.services.controller.ProductController - Calling ProductService.getAllProducts()
2024-12-03T19:47:52.204+0100 INFO               [main]                         be.pxl.services.services.ProductService - Fetching all products from the database
2024-12-03T19:47:52.212+0100 DEBUG              [main]                         be.pxl.services.services.ProductService - Fetched 1 products from the database
2024-12-03T19:47:52.213+0100 INFO               [main]                         be.pxl.services.services.ProductService - Successfully retrieved 1 products in 9 ms
2024-12-03T19:47:52.213+0100 INFO               [main]                         be.pxl.services.controller.ProductController - Successfully retrieved 1 products
2024-12-03T19:47:52.246+0100 INFO               [main]                         be.pxl.services.controller.ProductController - Received DELETE request at /api/product/6/labels to remove label
2024-12-03T19:47:52.247+0100 DEBUG              [main]                         be.pxl.services.controller.ProductController - Label to be removed: Eco-Friendly
2024-12-03T19:47:52.247+0100 INFO               [main]                         be.pxl.services.services.ProductService - Attempting to delete Eco-Friendly label from product with ID 6
2024-12-03T19:47:52.252+0100 DEBUG              [main]                         be.pxl.services.services.ProductService - Successfully fetched product with ID 6
2024-12-03T19:47:52.258+0100 INFO               [main]                         be.pxl.services.services.ProductService - Successfully deleted Eco-Friendly label from product with ID 6
2024-12-03T19:47:52.259+0100 INFO               [main]                         be.pxl.services.controller.ProductController - Successfully removed label 'Eco-Friendly' from product with id: 6
2024-12-03T19:47:52.294+0100 INFO               [main]                         be.pxl.services.controller.ProductController - Received DELETE request at /api/product/7 to remove a product
2024-12-03T19:47:52.295+0100 DEBUG              [main]                         be.pxl.services.controller.ProductController - Calling ProductService.removeProduct() with id: 7
2024-12-03T19:47:52.295+0100 INFO               [main]                         be.pxl.services.services.ProductService - Attempting to delete product with ID 7
2024-12-03T19:47:52.301+0100 DEBUG              [main]                         be.pxl.services.services.ProductService - Successfully fetched product with ID 7
2024-12-03T19:47:52.308+0100 INFO               [main]                         be.pxl.services.services.ProductService - Successfully deleted product with ID 7
2024-12-03T19:47:52.308+0100 INFO               [main]                         be.pxl.services.controller.ProductController - Successfully removed product with id: 7
2024-12-03T19:47:52.341+0100 INFO               [main]                         be.pxl.services.controller.ProductController - Received POST request at /api/product/8/labels to add label
2024-12-03T19:47:52.341+0100 DEBUG              [main]                         be.pxl.services.controller.ProductController - Label to be added: Eco-Friendly
2024-12-03T19:47:52.341+0100 INFO               [main]                         be.pxl.services.services.ProductService - Attempting to add Eco-Friendly label to product with ID 8
2024-12-03T19:47:52.347+0100 DEBUG              [main]                         be.pxl.services.services.ProductService - Successfully fetched product with ID 8
2024-12-03T19:47:52.353+0100 INFO               [main]                         be.pxl.services.services.ProductService - Successfully added  Eco-Friendly label to product with ID 8
2024-12-03T19:47:52.353+0100 INFO               [main]                         be.pxl.services.controller.ProductController - Successfully added label 'Eco-Friendly' to product with id: 8
2024-12-03T20:19:42.274+0100 INFO               [main]                         be.pxl.services.ProductTest   - Starting ProductTest using Java 21.0.1 with PID 37384 (started by Christo in C:\Users\Christo\Desktop\PXL\4de jaar\Fullstack Java\learning-microservices-with-spring-cloud-Christos-Lappas\backend-java\SpringCloudSustainableProducts\product-catalog-service)
2024-12-03T20:19:42.276+0100 DEBUG              [main]                         be.pxl.services.ProductTest   - Running with Spring Boot v3.3.5, Spring v6.1.14
2024-12-03T20:19:42.276+0100 INFO               [main]                         be.pxl.services.ProductTest   - No active profile set, falling back to 1 default profile: "default"
2024-12-03T20:19:48.834+0100 INFO               [main]                         be.pxl.services.ProductTest   - Started ProductTest in 7.798 seconds (process running for 21.164)
2024-12-03T20:19:49.452+0100 INFO               [main]                         be.pxl.services.controller.ProductController - Received GET request at /api/product/filter to search products
2024-12-03T20:19:49.452+0100 DEBUG              [main]                         be.pxl.services.controller.ProductController - Filter parameters - Category: HOME, Score: B, Name: mid, Label: null, MaxPrice: null
2024-12-03T20:19:49.452+0100 DEBUG              [main]                         be.pxl.services.controller.ProductController - Calling ProductService.getFilteredProducts() with provided filters
2024-12-03T20:19:49.452+0100 INFO               [main]                         be.pxl.services.services.ProductService - Fetching filtered products with criteria - Category: HOME, Score: B, Name: mid, Label: null
2024-12-03T20:19:49.642+0100 INFO               [main]                         be.pxl.services.services.ProductService - Found 1 products matching the filter criteria
2024-12-03T20:19:49.642+0100 INFO               [main]                         be.pxl.services.services.ProductService - Successfully retrieved filtered products
2024-12-03T20:19:49.642+0100 INFO               [main]                         be.pxl.services.controller.ProductController - Successfully fetched filtered products
2024-12-03T20:19:49.781+0100 INFO               [main]                         be.pxl.services.controller.ProductController - Received POST request at /api/product to add a new product
2024-12-03T20:19:49.782+0100 DEBUG              [main]                         be.pxl.services.controller.ProductController - ProductRequest received: ProductRequest(name=Wasmiddel, description=Beste wasmiddel, price=12.99, stock=18, category=HOME, score=B, labels=null)
2024-12-03T20:19:49.785+0100 INFO               [main]                         be.pxl.services.services.ProductService - Starting to add a new product with name: Wasmiddel
2024-12-03T20:19:49.801+0100 INFO               [main]                         be.pxl.services.services.ProductService - Product with name 'Wasmiddel' successfully added to the database
2024-12-03T20:19:49.801+0100 INFO               [main]                         be.pxl.services.controller.ProductController - Successfully added product: Wasmiddel
2024-12-03T20:19:49.842+0100 INFO               [main]                         be.pxl.services.controller.ProductController - Received GET request at /api/product/3
2024-12-03T20:19:49.842+0100 DEBUG              [main]                         be.pxl.services.controller.ProductController - Calling ProductService.getProduct() with id: 3
2024-12-03T20:19:49.843+0100 INFO               [main]                         be.pxl.services.services.ProductService - Getting product...
2024-12-03T20:19:49.861+0100 INFO               [main]                         be.pxl.services.controller.ProductController - Successfully retrieved product with id: 3
2024-12-03T20:19:49.908+0100 INFO               [main]                         be.pxl.services.controller.ProductController - Received PUT request at /api/product/4 to update product
2024-12-03T20:19:49.909+0100 DEBUG              [main]                         be.pxl.services.controller.ProductController - ProductRequest received: ProductRequest(name=Updated Detergent, description=Even better cleaning power, price=12.99, stock=30, category=HOME, score=A, labels=null)
2024-12-03T20:19:49.909+0100 DEBUG              [main]                         be.pxl.services.controller.ProductController - Calling ProductService.updateProduct() with id: 4
2024-12-03T20:19:49.909+0100 INFO               [main]                         be.pxl.services.services.ProductService - Starting update for product with id: 4
2024-12-03T20:19:49.916+0100 DEBUG              [main]                         be.pxl.services.services.ProductService - Updating product fields for id: 4
2024-12-03T20:19:49.930+0100 INFO               [main]                         be.pxl.services.services.ProductService - Product with id 4 successfully updated
2024-12-03T20:19:49.930+0100 INFO               [main]                         be.pxl.services.services.ProductService - Logging changes for product with id: 4
2024-12-03T20:19:50.053+0100 INFO               [main]                         be.pxl.services.services.ProductService - Changes for product with id: 4 logged
2024-12-03T20:19:50.054+0100 INFO               [main]                         be.pxl.services.controller.ProductController - Successfully updated product with id: 4
2024-12-03T20:19:50.088+0100 INFO               [main]                         be.pxl.services.controller.ProductController - Received GET request at /api/product
2024-12-03T20:19:50.089+0100 DEBUG              [main]                         be.pxl.services.controller.ProductController - Calling ProductService.getAllProducts()
2024-12-03T20:19:50.089+0100 INFO               [main]                         be.pxl.services.services.ProductService - Fetching all products from the database
2024-12-03T20:19:50.096+0100 DEBUG              [main]                         be.pxl.services.services.ProductService - Fetched 1 products from the database
2024-12-03T20:19:50.097+0100 INFO               [main]                         be.pxl.services.services.ProductService - Successfully retrieved 1 products in 8 ms
2024-12-03T20:19:50.097+0100 INFO               [main]                         be.pxl.services.controller.ProductController - Successfully retrieved 1 products
2024-12-03T20:19:50.139+0100 INFO               [main]                         be.pxl.services.controller.ProductController - Received DELETE request at /api/product/6/labels to remove label
2024-12-03T20:19:50.139+0100 DEBUG              [main]                         be.pxl.services.controller.ProductController - Label to be removed: Eco-Friendly
2024-12-03T20:19:50.139+0100 INFO               [main]                         be.pxl.services.services.ProductService - Attempting to delete Eco-Friendly label from product with ID 6
2024-12-03T20:19:50.146+0100 DEBUG              [main]                         be.pxl.services.services.ProductService - Successfully fetched product with ID 6
2024-12-03T20:19:50.154+0100 INFO               [main]                         be.pxl.services.services.ProductService - Successfully deleted Eco-Friendly label from product with ID 6
2024-12-03T20:19:50.155+0100 INFO               [main]                         be.pxl.services.controller.ProductController - Successfully removed label 'Eco-Friendly' from product with id: 6
2024-12-03T20:19:50.193+0100 INFO               [main]                         be.pxl.services.controller.ProductController - Received DELETE request at /api/product/7 to remove a product
2024-12-03T20:19:50.193+0100 DEBUG              [main]                         be.pxl.services.controller.ProductController - Calling ProductService.removeProduct() with id: 7
2024-12-03T20:19:50.193+0100 INFO               [main]                         be.pxl.services.services.ProductService - Attempting to delete product with ID 7
2024-12-03T20:19:50.201+0100 DEBUG              [main]                         be.pxl.services.services.ProductService - Successfully fetched product with ID 7
2024-12-03T20:19:50.209+0100 INFO               [main]                         be.pxl.services.services.ProductService - Successfully deleted product with ID 7
2024-12-03T20:19:50.209+0100 INFO               [main]                         be.pxl.services.controller.ProductController - Successfully removed product with id: 7
2024-12-03T20:19:50.247+0100 INFO               [main]                         be.pxl.services.controller.ProductController - Received POST request at /api/product/8/labels to add label
2024-12-03T20:19:50.247+0100 DEBUG              [main]                         be.pxl.services.controller.ProductController - Label to be added: Eco-Friendly
2024-12-03T20:19:50.248+0100 INFO               [main]                         be.pxl.services.services.ProductService - Attempting to add Eco-Friendly label to product with ID 8
2024-12-03T20:19:50.254+0100 DEBUG              [main]                         be.pxl.services.services.ProductService - Successfully fetched product with ID 8
2024-12-03T20:19:50.261+0100 INFO               [main]                         be.pxl.services.services.ProductService - Successfully added  Eco-Friendly label to product with ID 8
2024-12-03T20:19:50.261+0100 INFO               [main]                         be.pxl.services.controller.ProductController - Successfully added label 'Eco-Friendly' to product with id: 8
2024-12-03T21:09:48.838+0100 INFO               [main]                         be.pxl.services.ProductTest   - Starting ProductTest using Java 21.0.1 with PID 55848 (started by Christo in C:\Users\Christo\Desktop\PXL\4de jaar\Fullstack Java\learning-microservices-with-spring-cloud-Christos-Lappas\backend-java\SpringCloudSustainableProducts\product-catalog-service)
2024-12-03T21:09:48.839+0100 DEBUG              [main]                         be.pxl.services.ProductTest   - Running with Spring Boot v3.3.5, Spring v6.1.14
2024-12-03T21:09:48.840+0100 INFO               [main]                         be.pxl.services.ProductTest   - No active profile set, falling back to 1 default profile: "default"
2024-12-03T21:09:54.697+0100 INFO               [main]                         be.pxl.services.ProductTest   - Started ProductTest in 6.942 seconds (process running for 18.809)
2024-12-03T21:09:55.365+0100 INFO               [main]                         be.pxl.services.controller.ProductController - Received GET request at /api/product/filter to search products
2024-12-03T21:09:55.365+0100 DEBUG              [main]                         be.pxl.services.controller.ProductController - Filter parameters - Category: HOME, Score: B, Name: mid, Label: null, MaxPrice: null
2024-12-03T21:09:55.365+0100 DEBUG              [main]                         be.pxl.services.controller.ProductController - Calling ProductService.getFilteredProducts() with provided filters
2024-12-03T21:09:55.365+0100 INFO               [main]                         be.pxl.services.services.ProductService - Fetching filtered products with criteria - Category: HOME, Score: B, Name: mid, Label: null
2024-12-03T21:09:55.547+0100 INFO               [main]                         be.pxl.services.services.ProductService - Found 1 products matching the filter criteria
2024-12-03T21:09:55.547+0100 INFO               [main]                         be.pxl.services.services.ProductService - Successfully retrieved filtered products
2024-12-03T21:09:55.547+0100 INFO               [main]                         be.pxl.services.controller.ProductController - Successfully fetched filtered products
2024-12-03T21:09:55.685+0100 INFO               [main]                         be.pxl.services.controller.ProductController - Received POST request at /api/product to add a new product
2024-12-03T21:09:55.685+0100 DEBUG              [main]                         be.pxl.services.controller.ProductController - ProductRequest received: ProductRequest(name=Wasmiddel, description=Beste wasmiddel, price=12.99, stock=18, category=HOME, score=B, labels=null)
2024-12-03T21:09:55.688+0100 INFO               [main]                         be.pxl.services.services.ProductService - Starting to add a new product with name: Wasmiddel
2024-12-03T21:09:55.702+0100 INFO               [main]                         be.pxl.services.services.ProductService - Product with name 'Wasmiddel' successfully added to the database
2024-12-03T21:09:55.703+0100 INFO               [main]                         be.pxl.services.controller.ProductController - Successfully added product: Wasmiddel
2024-12-03T21:09:55.736+0100 INFO               [main]                         be.pxl.services.controller.ProductController - Received GET request at /api/product/3
2024-12-03T21:09:55.736+0100 DEBUG              [main]                         be.pxl.services.controller.ProductController - Calling ProductService.getProduct() with id: 3
2024-12-03T21:09:55.736+0100 INFO               [main]                         be.pxl.services.services.ProductService - Getting product...
2024-12-03T21:09:55.749+0100 INFO               [main]                         be.pxl.services.controller.ProductController - Successfully retrieved product with id: 3
2024-12-03T21:09:55.792+0100 INFO               [main]                         be.pxl.services.controller.ProductController - Received PUT request at /api/product/4 to update product
2024-12-03T21:09:55.793+0100 DEBUG              [main]                         be.pxl.services.controller.ProductController - ProductRequest received: ProductRequest(name=Updated Detergent, description=Even better cleaning power, price=12.99, stock=30, category=HOME, score=A, labels=null)
2024-12-03T21:09:55.793+0100 DEBUG              [main]                         be.pxl.services.controller.ProductController - Calling ProductService.updateProduct() with id: 4
2024-12-03T21:09:55.793+0100 INFO               [main]                         be.pxl.services.services.ProductService - Starting update for product with id: 4
2024-12-03T21:09:55.801+0100 DEBUG              [main]                         be.pxl.services.services.ProductService - Updating product fields for id: 4
2024-12-03T21:09:55.815+0100 INFO               [main]                         be.pxl.services.services.ProductService - Product with id 4 successfully updated
2024-12-03T21:09:55.815+0100 INFO               [main]                         be.pxl.services.services.ProductService - Logging changes for product with id: 4
2024-12-03T21:09:55.959+0100 ERROR              [main]                         be.pxl.services.services.ProductService - Error serializing changes map to JSON: [503] during [POST] to [http://logbook-service/api/log] [LogbookClient#addLog(LogRequest)]: [Load balancer does not contain an instance for the service logbook-service]
feign.FeignException$ServiceUnavailable: [503] during [POST] to [http://logbook-service/api/log] [LogbookClient#addLog(LogRequest)]: [Load balancer does not contain an instance for the service logbook-service]
	at feign.FeignException.serverErrorStatus(FeignException.java:265)
	at feign.FeignException.errorStatus(FeignException.java:206)
	at feign.FeignException.errorStatus(FeignException.java:194)
	at feign.codec.ErrorDecoder$Default.decode(ErrorDecoder.java:103)
	at feign.InvocationContext.decodeError(InvocationContext.java:126)
	at feign.InvocationContext.proceed(InvocationContext.java:72)
	at feign.ResponseHandler.handleResponse(ResponseHandler.java:63)
	at feign.SynchronousMethodHandler.executeAndDecode(SynchronousMethodHandler.java:114)
	at feign.SynchronousMethodHandler.invoke(SynchronousMethodHandler.java:70)
	at feign.ReflectiveFeign$FeignInvocationHandler.invoke(ReflectiveFeign.java:99)
	at jdk.proxy2/jdk.proxy2.$Proxy164.addLog(Unknown Source)
	at be.pxl.services.services.ProductService.updateProduct(ProductService.java:206)
	at be.pxl.services.controller.ProductController.updateProduct(ProductController.java:96)
	at java.base/jdk.internal.reflect.DirectMethodHandleAccessor.invoke(DirectMethodHandleAccessor.java:103)
	at java.base/java.lang.reflect.Method.invoke(Method.java:580)
	at org.springframework.web.method.support.InvocableHandlerMethod.doInvoke(InvocableHandlerMethod.java:255)
	at org.springframework.web.method.support.InvocableHandlerMethod.invokeForRequest(InvocableHandlerMethod.java:188)
	at org.springframework.web.servlet.mvc.method.annotation.ServletInvocableHandlerMethod.invokeAndHandle(ServletInvocableHandlerMethod.java:118)
	at org.springframework.web.servlet.mvc.method.annotation.RequestMappingHandlerAdapter.invokeHandlerMethod(RequestMappingHandlerAdapter.java:926)
	at org.springframework.web.servlet.mvc.method.annotation.RequestMappingHandlerAdapter.handleInternal(RequestMappingHandlerAdapter.java:831)
	at org.springframework.web.servlet.mvc.method.AbstractHandlerMethodAdapter.handle(AbstractHandlerMethodAdapter.java:87)
	at org.springframework.web.servlet.DispatcherServlet.doDispatch(DispatcherServlet.java:1089)
	at org.springframework.web.servlet.DispatcherServlet.doService(DispatcherServlet.java:979)
	at org.springframework.web.servlet.FrameworkServlet.processRequest(FrameworkServlet.java:1014)
	at org.springframework.web.servlet.FrameworkServlet.doPut(FrameworkServlet.java:925)
	at jakarta.servlet.http.HttpServlet.service(HttpServlet.java:593)
	at org.springframework.web.servlet.FrameworkServlet.service(FrameworkServlet.java:885)
	at org.springframework.test.web.servlet.TestDispatcherServlet.service(TestDispatcherServlet.java:72)
	at jakarta.servlet.http.HttpServlet.service(HttpServlet.java:658)
	at org.springframework.mock.web.MockFilterChain$ServletFilterProxy.doFilter(MockFilterChain.java:165)
	at org.springframework.mock.web.MockFilterChain.doFilter(MockFilterChain.java:132)
	at org.springframework.web.filter.RequestContextFilter.doFilterInternal(RequestContextFilter.java:100)
	at org.springframework.web.filter.OncePerRequestFilter.doFilter(OncePerRequestFilter.java:116)
	at org.springframework.test.web.servlet.setup.MockMvcFilterDecorator.doFilter(MockMvcFilterDecorator.java:151)
	at org.springframework.mock.web.MockFilterChain.doFilter(MockFilterChain.java:132)
	at org.springframework.web.filter.FormContentFilter.doFilterInternal(FormContentFilter.java:93)
	at org.springframework.web.filter.OncePerRequestFilter.doFilter(OncePerRequestFilter.java:116)
	at org.springframework.test.web.servlet.setup.MockMvcFilterDecorator.doFilter(MockMvcFilterDecorator.java:151)
	at org.springframework.mock.web.MockFilterChain.doFilter(MockFilterChain.java:132)
	at org.springframework.web.filter.CharacterEncodingFilter.doFilterInternal(CharacterEncodingFilter.java:201)
	at org.springframework.web.filter.OncePerRequestFilter.doFilter(OncePerRequestFilter.java:116)
	at org.springframework.test.web.servlet.setup.MockMvcFilterDecorator.doFilter(MockMvcFilterDecorator.java:151)
	at org.springframework.mock.web.MockFilterChain.doFilter(MockFilterChain.java:132)
	at org.springframework.test.web.servlet.MockMvc.perform(MockMvc.java:201)
	at be.pxl.services.ProductTest.testUpdateProduct(ProductTest.java:192)
	at java.base/jdk.internal.reflect.DirectMethodHandleAccessor.invoke(DirectMethodHandleAccessor.java:103)
	at java.base/java.lang.reflect.Method.invoke(Method.java:580)
	at org.junit.platform.commons.util.ReflectionUtils.invokeMethod(ReflectionUtils.java:728)
	at org.junit.jupiter.engine.execution.MethodInvocation.proceed(MethodInvocation.java:60)
	at org.junit.jupiter.engine.execution.InvocationInterceptorChain$ValidatingInvocation.proceed(InvocationInterceptorChain.java:131)
	at org.junit.jupiter.engine.extension.TimeoutExtension.intercept(TimeoutExtension.java:156)
	at org.junit.jupiter.engine.extension.TimeoutExtension.interceptTestableMethod(TimeoutExtension.java:147)
	at org.junit.jupiter.engine.extension.TimeoutExtension.interceptTestMethod(TimeoutExtension.java:86)
	at org.junit.jupiter.engine.execution.InterceptingExecutableInvoker$ReflectiveInterceptorCall.lambda$ofVoidMethod$0(InterceptingExecutableInvoker.java:103)
	at org.junit.jupiter.engine.execution.InterceptingExecutableInvoker.lambda$invoke$0(InterceptingExecutableInvoker.java:93)
	at org.junit.jupiter.engine.execution.InvocationInterceptorChain$InterceptedInvocation.proceed(InvocationInterceptorChain.java:106)
	at org.junit.jupiter.engine.execution.InvocationInterceptorChain.proceed(InvocationInterceptorChain.java:64)
	at org.junit.jupiter.engine.execution.InvocationInterceptorChain.chainAndInvoke(InvocationInterceptorChain.java:45)
	at org.junit.jupiter.engine.execution.InvocationInterceptorChain.invoke(InvocationInterceptorChain.java:37)
	at org.junit.jupiter.engine.execution.InterceptingExecutableInvoker.invoke(InterceptingExecutableInvoker.java:92)
	at org.junit.jupiter.engine.execution.InterceptingExecutableInvoker.invoke(InterceptingExecutableInvoker.java:86)
	at org.junit.jupiter.engine.descriptor.TestMethodTestDescriptor.lambda$invokeTestMethod$7(TestMethodTestDescriptor.java:218)
	at org.junit.platform.engine.support.hierarchical.ThrowableCollector.execute(ThrowableCollector.java:73)
	at org.junit.jupiter.engine.descriptor.TestMethodTestDescriptor.invokeTestMethod(TestMethodTestDescriptor.java:214)
	at org.junit.jupiter.engine.descriptor.TestMethodTestDescriptor.execute(TestMethodTestDescriptor.java:139)
	at org.junit.jupiter.engine.descriptor.TestMethodTestDescriptor.execute(TestMethodTestDescriptor.java:69)
	at org.junit.platform.engine.support.hierarchical.NodeTestTask.lambda$executeRecursively$6(NodeTestTask.java:156)
	at org.junit.platform.engine.support.hierarchical.ThrowableCollector.execute(ThrowableCollector.java:73)
	at org.junit.platform.engine.support.hierarchical.NodeTestTask.lambda$executeRecursively$8(NodeTestTask.java:146)
	at org.junit.platform.engine.support.hierarchical.Node.around(Node.java:137)
	at org.junit.platform.engine.support.hierarchical.NodeTestTask.lambda$executeRecursively$9(NodeTestTask.java:144)
	at org.junit.platform.engine.support.hierarchical.ThrowableCollector.execute(ThrowableCollector.java:73)
	at org.junit.platform.engine.support.hierarchical.NodeTestTask.executeRecursively(NodeTestTask.java:143)
	at org.junit.platform.engine.support.hierarchical.NodeTestTask.execute(NodeTestTask.java:100)
	at java.base/java.util.ArrayList.forEach(ArrayList.java:1596)
	at org.junit.platform.engine.support.hierarchical.SameThreadHierarchicalTestExecutorService.invokeAll(SameThreadHierarchicalTestExecutorService.java:41)
	at org.junit.platform.engine.support.hierarchical.NodeTestTask.lambda$executeRecursively$6(NodeTestTask.java:160)
	at org.junit.platform.engine.support.hierarchical.ThrowableCollector.execute(ThrowableCollector.java:73)
	at org.junit.platform.engine.support.hierarchical.NodeTestTask.lambda$executeRecursively$8(NodeTestTask.java:146)
	at org.junit.platform.engine.support.hierarchical.Node.around(Node.java:137)
	at org.junit.platform.engine.support.hierarchical.NodeTestTask.lambda$executeRecursively$9(NodeTestTask.java:144)
	at org.junit.platform.engine.support.hierarchical.ThrowableCollector.execute(ThrowableCollector.java:73)
	at org.junit.platform.engine.support.hierarchical.NodeTestTask.executeRecursively(NodeTestTask.java:143)
	at org.junit.platform.engine.support.hierarchical.NodeTestTask.execute(NodeTestTask.java:100)
	at java.base/java.util.ArrayList.forEach(ArrayList.java:1596)
	at org.junit.platform.engine.support.hierarchical.SameThreadHierarchicalTestExecutorService.invokeAll(SameThreadHierarchicalTestExecutorService.java:41)
	at org.junit.platform.engine.support.hierarchical.NodeTestTask.lambda$executeRecursively$6(NodeTestTask.java:160)
	at org.junit.platform.engine.support.hierarchical.ThrowableCollector.execute(ThrowableCollector.java:73)
	at org.junit.platform.engine.support.hierarchical.NodeTestTask.lambda$executeRecursively$8(NodeTestTask.java:146)
	at org.junit.platform.engine.support.hierarchical.Node.around(Node.java:137)
	at org.junit.platform.engine.support.hierarchical.NodeTestTask.lambda$executeRecursively$9(NodeTestTask.java:144)
	at org.junit.platform.engine.support.hierarchical.ThrowableCollector.execute(ThrowableCollector.java:73)
	at org.junit.platform.engine.support.hierarchical.NodeTestTask.executeRecursively(NodeTestTask.java:143)
	at org.junit.platform.engine.support.hierarchical.NodeTestTask.execute(NodeTestTask.java:100)
	at org.junit.platform.engine.support.hierarchical.SameThreadHierarchicalTestExecutorService.submit(SameThreadHierarchicalTestExecutorService.java:35)
	at org.junit.platform.engine.support.hierarchical.HierarchicalTestExecutor.execute(HierarchicalTestExecutor.java:57)
	at org.junit.platform.engine.support.hierarchical.HierarchicalTestEngine.execute(HierarchicalTestEngine.java:54)
	at org.junit.platform.launcher.core.EngineExecutionOrchestrator.execute(EngineExecutionOrchestrator.java:198)
	at org.junit.platform.launcher.core.EngineExecutionOrchestrator.execute(EngineExecutionOrchestrator.java:169)
	at org.junit.platform.launcher.core.EngineExecutionOrchestrator.execute(EngineExecutionOrchestrator.java:93)
	at org.junit.platform.launcher.core.EngineExecutionOrchestrator.lambda$execute$0(EngineExecutionOrchestrator.java:58)
	at org.junit.platform.launcher.core.EngineExecutionOrchestrator.withInterceptedStreams(EngineExecutionOrchestrator.java:141)
	at org.junit.platform.launcher.core.EngineExecutionOrchestrator.execute(EngineExecutionOrchestrator.java:57)
	at org.junit.platform.launcher.core.DefaultLauncher.execute(DefaultLauncher.java:103)
	at org.junit.platform.launcher.core.DefaultLauncher.execute(DefaultLauncher.java:85)
	at org.junit.platform.launcher.core.DelegatingLauncher.execute(DelegatingLauncher.java:47)
	at org.junit.platform.launcher.core.SessionPerRequestLauncher.execute(SessionPerRequestLauncher.java:63)
	at com.intellij.junit5.JUnit5IdeaTestRunner.startRunnerWithArgs(JUnit5IdeaTestRunner.java:57)
	at com.intellij.rt.junit.IdeaTestRunner$Repeater$1.execute(IdeaTestRunner.java:38)
	at com.intellij.rt.execution.junit.TestsRepeater.repeat(TestsRepeater.java:11)
	at com.intellij.rt.junit.IdeaTestRunner$Repeater.startRunnerWithArgs(IdeaTestRunner.java:35)
	at com.intellij.rt.junit.JUnitStarter.prepareStreamsAndStart(JUnitStarter.java:232)
	at com.intellij.rt.junit.JUnitStarter.main(JUnitStarter.java:55)
2024-12-03T21:09:55.960+0100 ERROR              [main]                         be.pxl.services.controller.ProductController - Error occurred while updating product with id: 4: Failed to log changes
java.lang.RuntimeException: Failed to log changes
	at be.pxl.services.services.ProductService.updateProduct(ProductService.java:209)
	at be.pxl.services.controller.ProductController.updateProduct(ProductController.java:96)
	at java.base/jdk.internal.reflect.DirectMethodHandleAccessor.invoke(DirectMethodHandleAccessor.java:103)
	at java.base/java.lang.reflect.Method.invoke(Method.java:580)
	at org.springframework.web.method.support.InvocableHandlerMethod.doInvoke(InvocableHandlerMethod.java:255)
	at org.springframework.web.method.support.InvocableHandlerMethod.invokeForRequest(InvocableHandlerMethod.java:188)
	at org.springframework.web.servlet.mvc.method.annotation.ServletInvocableHandlerMethod.invokeAndHandle(ServletInvocableHandlerMethod.java:118)
	at org.springframework.web.servlet.mvc.method.annotation.RequestMappingHandlerAdapter.invokeHandlerMethod(RequestMappingHandlerAdapter.java:926)
	at org.springframework.web.servlet.mvc.method.annotation.RequestMappingHandlerAdapter.handleInternal(RequestMappingHandlerAdapter.java:831)
	at org.springframework.web.servlet.mvc.method.AbstractHandlerMethodAdapter.handle(AbstractHandlerMethodAdapter.java:87)
	at org.springframework.web.servlet.DispatcherServlet.doDispatch(DispatcherServlet.java:1089)
	at org.springframework.web.servlet.DispatcherServlet.doService(DispatcherServlet.java:979)
	at org.springframework.web.servlet.FrameworkServlet.processRequest(FrameworkServlet.java:1014)
	at org.springframework.web.servlet.FrameworkServlet.doPut(FrameworkServlet.java:925)
	at jakarta.servlet.http.HttpServlet.service(HttpServlet.java:593)
	at org.springframework.web.servlet.FrameworkServlet.service(FrameworkServlet.java:885)
	at org.springframework.test.web.servlet.TestDispatcherServlet.service(TestDispatcherServlet.java:72)
	at jakarta.servlet.http.HttpServlet.service(HttpServlet.java:658)
	at org.springframework.mock.web.MockFilterChain$ServletFilterProxy.doFilter(MockFilterChain.java:165)
	at org.springframework.mock.web.MockFilterChain.doFilter(MockFilterChain.java:132)
	at org.springframework.web.filter.RequestContextFilter.doFilterInternal(RequestContextFilter.java:100)
	at org.springframework.web.filter.OncePerRequestFilter.doFilter(OncePerRequestFilter.java:116)
	at org.springframework.test.web.servlet.setup.MockMvcFilterDecorator.doFilter(MockMvcFilterDecorator.java:151)
	at org.springframework.mock.web.MockFilterChain.doFilter(MockFilterChain.java:132)
	at org.springframework.web.filter.FormContentFilter.doFilterInternal(FormContentFilter.java:93)
	at org.springframework.web.filter.OncePerRequestFilter.doFilter(OncePerRequestFilter.java:116)
	at org.springframework.test.web.servlet.setup.MockMvcFilterDecorator.doFilter(MockMvcFilterDecorator.java:151)
	at org.springframework.mock.web.MockFilterChain.doFilter(MockFilterChain.java:132)
	at org.springframework.web.filter.CharacterEncodingFilter.doFilterInternal(CharacterEncodingFilter.java:201)
	at org.springframework.web.filter.OncePerRequestFilter.doFilter(OncePerRequestFilter.java:116)
	at org.springframework.test.web.servlet.setup.MockMvcFilterDecorator.doFilter(MockMvcFilterDecorator.java:151)
	at org.springframework.mock.web.MockFilterChain.doFilter(MockFilterChain.java:132)
	at org.springframework.test.web.servlet.MockMvc.perform(MockMvc.java:201)
	at be.pxl.services.ProductTest.testUpdateProduct(ProductTest.java:192)
	at java.base/jdk.internal.reflect.DirectMethodHandleAccessor.invoke(DirectMethodHandleAccessor.java:103)
	at java.base/java.lang.reflect.Method.invoke(Method.java:580)
	at org.junit.platform.commons.util.ReflectionUtils.invokeMethod(ReflectionUtils.java:728)
	at org.junit.jupiter.engine.execution.MethodInvocation.proceed(MethodInvocation.java:60)
	at org.junit.jupiter.engine.execution.InvocationInterceptorChain$ValidatingInvocation.proceed(InvocationInterceptorChain.java:131)
	at org.junit.jupiter.engine.extension.TimeoutExtension.intercept(TimeoutExtension.java:156)
	at org.junit.jupiter.engine.extension.TimeoutExtension.interceptTestableMethod(TimeoutExtension.java:147)
	at org.junit.jupiter.engine.extension.TimeoutExtension.interceptTestMethod(TimeoutExtension.java:86)
	at org.junit.jupiter.engine.execution.InterceptingExecutableInvoker$ReflectiveInterceptorCall.lambda$ofVoidMethod$0(InterceptingExecutableInvoker.java:103)
	at org.junit.jupiter.engine.execution.InterceptingExecutableInvoker.lambda$invoke$0(InterceptingExecutableInvoker.java:93)
	at org.junit.jupiter.engine.execution.InvocationInterceptorChain$InterceptedInvocation.proceed(InvocationInterceptorChain.java:106)
	at org.junit.jupiter.engine.execution.InvocationInterceptorChain.proceed(InvocationInterceptorChain.java:64)
	at org.junit.jupiter.engine.execution.InvocationInterceptorChain.chainAndInvoke(InvocationInterceptorChain.java:45)
	at org.junit.jupiter.engine.execution.InvocationInterceptorChain.invoke(InvocationInterceptorChain.java:37)
	at org.junit.jupiter.engine.execution.InterceptingExecutableInvoker.invoke(InterceptingExecutableInvoker.java:92)
	at org.junit.jupiter.engine.execution.InterceptingExecutableInvoker.invoke(InterceptingExecutableInvoker.java:86)
	at org.junit.jupiter.engine.descriptor.TestMethodTestDescriptor.lambda$invokeTestMethod$7(TestMethodTestDescriptor.java:218)
	at org.junit.platform.engine.support.hierarchical.ThrowableCollector.execute(ThrowableCollector.java:73)
	at org.junit.jupiter.engine.descriptor.TestMethodTestDescriptor.invokeTestMethod(TestMethodTestDescriptor.java:214)
	at org.junit.jupiter.engine.descriptor.TestMethodTestDescriptor.execute(TestMethodTestDescriptor.java:139)
	at org.junit.jupiter.engine.descriptor.TestMethodTestDescriptor.execute(TestMethodTestDescriptor.java:69)
	at org.junit.platform.engine.support.hierarchical.NodeTestTask.lambda$executeRecursively$6(NodeTestTask.java:156)
	at org.junit.platform.engine.support.hierarchical.ThrowableCollector.execute(ThrowableCollector.java:73)
	at org.junit.platform.engine.support.hierarchical.NodeTestTask.lambda$executeRecursively$8(NodeTestTask.java:146)
	at org.junit.platform.engine.support.hierarchical.Node.around(Node.java:137)
	at org.junit.platform.engine.support.hierarchical.NodeTestTask.lambda$executeRecursively$9(NodeTestTask.java:144)
	at org.junit.platform.engine.support.hierarchical.ThrowableCollector.execute(ThrowableCollector.java:73)
	at org.junit.platform.engine.support.hierarchical.NodeTestTask.executeRecursively(NodeTestTask.java:143)
	at org.junit.platform.engine.support.hierarchical.NodeTestTask.execute(NodeTestTask.java:100)
	at java.base/java.util.ArrayList.forEach(ArrayList.java:1596)
	at org.junit.platform.engine.support.hierarchical.SameThreadHierarchicalTestExecutorService.invokeAll(SameThreadHierarchicalTestExecutorService.java:41)
	at org.junit.platform.engine.support.hierarchical.NodeTestTask.lambda$executeRecursively$6(NodeTestTask.java:160)
	at org.junit.platform.engine.support.hierarchical.ThrowableCollector.execute(ThrowableCollector.java:73)
	at org.junit.platform.engine.support.hierarchical.NodeTestTask.lambda$executeRecursively$8(NodeTestTask.java:146)
	at org.junit.platform.engine.support.hierarchical.Node.around(Node.java:137)
	at org.junit.platform.engine.support.hierarchical.NodeTestTask.lambda$executeRecursively$9(NodeTestTask.java:144)
	at org.junit.platform.engine.support.hierarchical.ThrowableCollector.execute(ThrowableCollector.java:73)
	at org.junit.platform.engine.support.hierarchical.NodeTestTask.executeRecursively(NodeTestTask.java:143)
	at org.junit.platform.engine.support.hierarchical.NodeTestTask.execute(NodeTestTask.java:100)
	at java.base/java.util.ArrayList.forEach(ArrayList.java:1596)
	at org.junit.platform.engine.support.hierarchical.SameThreadHierarchicalTestExecutorService.invokeAll(SameThreadHierarchicalTestExecutorService.java:41)
	at org.junit.platform.engine.support.hierarchical.NodeTestTask.lambda$executeRecursively$6(NodeTestTask.java:160)
	at org.junit.platform.engine.support.hierarchical.ThrowableCollector.execute(ThrowableCollector.java:73)
	at org.junit.platform.engine.support.hierarchical.NodeTestTask.lambda$executeRecursively$8(NodeTestTask.java:146)
	at org.junit.platform.engine.support.hierarchical.Node.around(Node.java:137)
	at org.junit.platform.engine.support.hierarchical.NodeTestTask.lambda$executeRecursively$9(NodeTestTask.java:144)
	at org.junit.platform.engine.support.hierarchical.ThrowableCollector.execute(ThrowableCollector.java:73)
	at org.junit.platform.engine.support.hierarchical.NodeTestTask.executeRecursively(NodeTestTask.java:143)
	at org.junit.platform.engine.support.hierarchical.NodeTestTask.execute(NodeTestTask.java:100)
	at org.junit.platform.engine.support.hierarchical.SameThreadHierarchicalTestExecutorService.submit(SameThreadHierarchicalTestExecutorService.java:35)
	at org.junit.platform.engine.support.hierarchical.HierarchicalTestExecutor.execute(HierarchicalTestExecutor.java:57)
	at org.junit.platform.engine.support.hierarchical.HierarchicalTestEngine.execute(HierarchicalTestEngine.java:54)
	at org.junit.platform.launcher.core.EngineExecutionOrchestrator.execute(EngineExecutionOrchestrator.java:198)
	at org.junit.platform.launcher.core.EngineExecutionOrchestrator.execute(EngineExecutionOrchestrator.java:169)
	at org.junit.platform.launcher.core.EngineExecutionOrchestrator.execute(EngineExecutionOrchestrator.java:93)
	at org.junit.platform.launcher.core.EngineExecutionOrchestrator.lambda$execute$0(EngineExecutionOrchestrator.java:58)
	at org.junit.platform.launcher.core.EngineExecutionOrchestrator.withInterceptedStreams(EngineExecutionOrchestrator.java:141)
	at org.junit.platform.launcher.core.EngineExecutionOrchestrator.execute(EngineExecutionOrchestrator.java:57)
	at org.junit.platform.launcher.core.DefaultLauncher.execute(DefaultLauncher.java:103)
	at org.junit.platform.launcher.core.DefaultLauncher.execute(DefaultLauncher.java:85)
	at org.junit.platform.launcher.core.DelegatingLauncher.execute(DelegatingLauncher.java:47)
	at org.junit.platform.launcher.core.SessionPerRequestLauncher.execute(SessionPerRequestLauncher.java:63)
	at com.intellij.junit5.JUnit5IdeaTestRunner.startRunnerWithArgs(JUnit5IdeaTestRunner.java:57)
	at com.intellij.rt.junit.IdeaTestRunner$Repeater$1.execute(IdeaTestRunner.java:38)
	at com.intellij.rt.execution.junit.TestsRepeater.repeat(TestsRepeater.java:11)
	at com.intellij.rt.junit.IdeaTestRunner$Repeater.startRunnerWithArgs(IdeaTestRunner.java:35)
	at com.intellij.rt.junit.JUnitStarter.prepareStreamsAndStart(JUnitStarter.java:232)
	at com.intellij.rt.junit.JUnitStarter.main(JUnitStarter.java:55)
Caused by: feign.FeignException$ServiceUnavailable: [503] during [POST] to [http://logbook-service/api/log] [LogbookClient#addLog(LogRequest)]: [Load balancer does not contain an instance for the service logbook-service]
	at feign.FeignException.serverErrorStatus(FeignException.java:265)
	at feign.FeignException.errorStatus(FeignException.java:206)
	at feign.FeignException.errorStatus(FeignException.java:194)
	at feign.codec.ErrorDecoder$Default.decode(ErrorDecoder.java:103)
	at feign.InvocationContext.decodeError(InvocationContext.java:126)
	at feign.InvocationContext.proceed(InvocationContext.java:72)
	at feign.ResponseHandler.handleResponse(ResponseHandler.java:63)
	at feign.SynchronousMethodHandler.executeAndDecode(SynchronousMethodHandler.java:114)
	at feign.SynchronousMethodHandler.invoke(SynchronousMethodHandler.java:70)
	at feign.ReflectiveFeign$FeignInvocationHandler.invoke(ReflectiveFeign.java:99)
	at jdk.proxy2/jdk.proxy2.$Proxy164.addLog(Unknown Source)
	at be.pxl.services.services.ProductService.updateProduct(ProductService.java:206)
	... 101 common frames omitted
2024-12-03T21:09:55.997+0100 INFO               [main]                         be.pxl.services.controller.ProductController - Received GET request at /api/product
2024-12-03T21:09:55.997+0100 DEBUG              [main]                         be.pxl.services.controller.ProductController - Calling ProductService.getAllProducts()
2024-12-03T21:09:55.997+0100 INFO               [main]                         be.pxl.services.services.ProductService - Fetching all products from the database
2024-12-03T21:09:56.006+0100 DEBUG              [main]                         be.pxl.services.services.ProductService - Fetched 1 products from the database
2024-12-03T21:09:56.006+0100 INFO               [main]                         be.pxl.services.services.ProductService - Successfully retrieved 1 products in 9 ms
2024-12-03T21:09:56.006+0100 INFO               [main]                         be.pxl.services.controller.ProductController - Successfully retrieved 1 products
2024-12-03T21:09:56.048+0100 INFO               [main]                         be.pxl.services.controller.ProductController - Received DELETE request at /api/product/6/labels to remove label
2024-12-03T21:09:56.049+0100 DEBUG              [main]                         be.pxl.services.controller.ProductController - Label to be removed: Eco-Friendly
2024-12-03T21:09:56.049+0100 INFO               [main]                         be.pxl.services.services.ProductService - Attempting to delete Eco-Friendly label from product with ID 6
2024-12-03T21:09:56.058+0100 DEBUG              [main]                         be.pxl.services.services.ProductService - Successfully fetched product with ID 6
2024-12-03T21:09:56.065+0100 INFO               [main]                         be.pxl.services.services.ProductService - Successfully deleted Eco-Friendly label from product with ID 6
2024-12-03T21:09:56.065+0100 INFO               [main]                         be.pxl.services.controller.ProductController - Successfully removed label 'Eco-Friendly' from product with id: 6
2024-12-03T21:09:56.107+0100 INFO               [main]                         be.pxl.services.controller.ProductController - Received DELETE request at /api/product/7 to remove a product
2024-12-03T21:09:56.107+0100 DEBUG              [main]                         be.pxl.services.controller.ProductController - Calling ProductService.removeProduct() with id: 7
2024-12-03T21:09:56.107+0100 INFO               [main]                         be.pxl.services.services.ProductService - Attempting to delete product with ID 7
2024-12-03T21:09:56.115+0100 DEBUG              [main]                         be.pxl.services.services.ProductService - Successfully fetched product with ID 7
2024-12-03T21:09:56.123+0100 INFO               [main]                         be.pxl.services.services.ProductService - Successfully deleted product with ID 7
2024-12-03T21:09:56.123+0100 INFO               [main]                         be.pxl.services.controller.ProductController - Successfully removed product with id: 7
2024-12-03T21:09:56.169+0100 INFO               [main]                         be.pxl.services.controller.ProductController - Received POST request at /api/product/8/labels to add label
2024-12-03T21:09:56.169+0100 DEBUG              [main]                         be.pxl.services.controller.ProductController - Label to be added: Eco-Friendly
2024-12-03T21:09:56.169+0100 INFO               [main]                         be.pxl.services.services.ProductService - Attempting to add Eco-Friendly label to product with ID 8
2024-12-03T21:09:56.177+0100 DEBUG              [main]                         be.pxl.services.services.ProductService - Successfully fetched product with ID 8
2024-12-03T21:09:56.183+0100 INFO               [main]                         be.pxl.services.services.ProductService - Successfully added  Eco-Friendly label to product with ID 8
2024-12-03T21:09:56.184+0100 INFO               [main]                         be.pxl.services.controller.ProductController - Successfully added label 'Eco-Friendly' to product with id: 8
2024-12-03T21:18:41.982+0100 INFO               [main]                         be.pxl.services.ProductTest   - Starting ProductTest using Java 21.0.1 with PID 51412 (started by Christo in C:\Users\Christo\Desktop\PXL\4de jaar\Fullstack Java\learning-microservices-with-spring-cloud-Christos-Lappas\backend-java\SpringCloudSustainableProducts\product-catalog-service)
2024-12-03T21:18:41.984+0100 DEBUG              [main]                         be.pxl.services.ProductTest   - Running with Spring Boot v3.3.5, Spring v6.1.14
2024-12-03T21:18:41.984+0100 INFO               [main]                         be.pxl.services.ProductTest   - No active profile set, falling back to 1 default profile: "default"
2024-12-03T21:18:49.180+0100 INFO               [main]                         be.pxl.services.ProductTest   - Started ProductTest in 8.205 seconds (process running for 20.091)
2024-12-03T21:18:49.569+0100 INFO               [main]                         be.pxl.services.controller.ProductController - Received PUT request at /api/product/1 to update product
2024-12-03T21:18:49.569+0100 DEBUG              [main]                         be.pxl.services.controller.ProductController - ProductRequest received: ProductRequest(name=Updated Detergent, description=Even better cleaning power, price=12.99, stock=30, category=HOME, score=A, labels=null)
2024-12-03T21:18:49.573+0100 DEBUG              [main]                         be.pxl.services.controller.ProductController - Calling ProductService.updateProduct() with id: 1
2024-12-03T21:18:49.573+0100 INFO               [main]                         be.pxl.services.services.ProductService - Starting update for product with id: 1
2024-12-03T21:18:49.591+0100 DEBUG              [main]                         be.pxl.services.services.ProductService - Updating product fields for id: 1
2024-12-03T21:18:49.605+0100 INFO               [main]                         be.pxl.services.services.ProductService - Product with id 1 successfully updated
2024-12-03T21:18:49.605+0100 INFO               [main]                         be.pxl.services.services.ProductService - Logging changes for product with id: 1
2024-12-03T21:18:49.610+0100 INFO               [main]                         be.pxl.services.services.ProductService - Changes for product with id: 1 logged
2024-12-03T21:18:49.611+0100 INFO               [main]                         be.pxl.services.controller.ProductController - Successfully updated product with id: 1
2024-12-03T21:23:03.484+0100 INFO               [main]                         be.pxl.services.ProductTest   - Starting ProductTest using Java 21.0.1 with PID 52108 (started by Christo in C:\Users\Christo\Desktop\PXL\4de jaar\Fullstack Java\learning-microservices-with-spring-cloud-Christos-Lappas\backend-java\SpringCloudSustainableProducts\product-catalog-service)
2024-12-03T21:23:03.485+0100 DEBUG              [main]                         be.pxl.services.ProductTest   - Running with Spring Boot v3.3.5, Spring v6.1.14
2024-12-03T21:23:03.485+0100 INFO               [main]                         be.pxl.services.ProductTest   - No active profile set, falling back to 1 default profile: "default"
2024-12-03T21:23:10.778+0100 INFO               [main]                         be.pxl.services.ProductTest   - Started ProductTest in 8.404 seconds (process running for 20.052)
2024-12-03T21:23:10.949+0100 INFO               [main]                         be.pxl.services.controller.ProductController - Received GET request at /api/product/filter to search products
2024-12-03T21:23:10.949+0100 DEBUG              [main]                         be.pxl.services.controller.ProductController - Filter parameters - Category: HOME, Score: B, Name: mid, Label: null, MaxPrice: null
2024-12-03T21:23:10.949+0100 DEBUG              [main]                         be.pxl.services.controller.ProductController - Calling ProductService.getFilteredProducts() with provided filters
2024-12-03T21:23:10.949+0100 INFO               [main]                         be.pxl.services.services.ProductService - Fetching filtered products with criteria - Category: HOME, Score: B, Name: mid, Label: null
2024-12-03T21:23:11.159+0100 INFO               [main]                         be.pxl.services.services.ProductService - Found 1 products matching the filter criteria
2024-12-03T21:23:11.160+0100 INFO               [main]                         be.pxl.services.services.ProductService - Successfully retrieved filtered products
2024-12-03T21:23:11.160+0100 INFO               [main]                         be.pxl.services.controller.ProductController - Successfully fetched filtered products
2024-12-03T21:23:11.288+0100 INFO               [main]                         be.pxl.services.controller.ProductController - Received POST request at /api/product to add a new product
2024-12-03T21:23:11.288+0100 DEBUG              [main]                         be.pxl.services.controller.ProductController - ProductRequest received: ProductRequest(name=Wasmiddel, description=Beste wasmiddel, price=12.99, stock=18, category=HOME, score=B, labels=null)
2024-12-03T21:23:11.290+0100 INFO               [main]                         be.pxl.services.services.ProductService - Starting to add a new product with name: Wasmiddel
2024-12-03T21:23:11.305+0100 INFO               [main]                         be.pxl.services.services.ProductService - Product with name 'Wasmiddel' successfully added to the database
2024-12-03T21:23:11.305+0100 INFO               [main]                         be.pxl.services.controller.ProductController - Successfully added product: Wasmiddel
2024-12-03T21:23:11.341+0100 INFO               [main]                         be.pxl.services.controller.ProductController - Received GET request at /api/product/3
2024-12-03T21:23:11.341+0100 DEBUG              [main]                         be.pxl.services.controller.ProductController - Calling ProductService.getProduct() with id: 3
2024-12-03T21:23:11.341+0100 INFO               [main]                         be.pxl.services.services.ProductService - Getting product...
2024-12-03T21:23:11.356+0100 INFO               [main]                         be.pxl.services.controller.ProductController - Successfully retrieved product with id: 3
2024-12-03T21:23:11.426+0100 INFO               [main]                         be.pxl.services.controller.ProductController - Received PUT request at /api/product/4 to update product
2024-12-03T21:23:11.426+0100 DEBUG              [main]                         be.pxl.services.controller.ProductController - ProductRequest received: ProductRequest(name=Updated Detergent, description=Even better cleaning power, price=12.99, stock=30, category=HOME, score=A, labels=null)
2024-12-03T21:23:11.426+0100 DEBUG              [main]                         be.pxl.services.controller.ProductController - Calling ProductService.updateProduct() with id: 4
2024-12-03T21:23:11.426+0100 INFO               [main]                         be.pxl.services.services.ProductService - Starting update for product with id: 4
2024-12-03T21:23:11.434+0100 DEBUG              [main]                         be.pxl.services.services.ProductService - Updating product fields for id: 4
2024-12-03T21:23:11.449+0100 INFO               [main]                         be.pxl.services.services.ProductService - Product with id 4 successfully updated
2024-12-03T21:23:11.449+0100 INFO               [main]                         be.pxl.services.services.ProductService - Logging changes for product with id: 4
2024-12-03T21:23:11.453+0100 INFO               [main]                         be.pxl.services.services.ProductService - Changes for product with id: 4 logged
2024-12-03T21:23:11.453+0100 INFO               [main]                         be.pxl.services.controller.ProductController - Successfully updated product with id: 4
2024-12-03T21:23:11.482+0100 INFO               [main]                         be.pxl.services.controller.ProductController - Received GET request at /api/product
2024-12-03T21:23:11.482+0100 DEBUG              [main]                         be.pxl.services.controller.ProductController - Calling ProductService.getAllProducts()
2024-12-03T21:23:11.482+0100 INFO               [main]                         be.pxl.services.services.ProductService - Fetching all products from the database
2024-12-03T21:23:11.489+0100 DEBUG              [main]                         be.pxl.services.services.ProductService - Fetched 1 products from the database
2024-12-03T21:23:11.490+0100 INFO               [main]                         be.pxl.services.services.ProductService - Successfully retrieved 1 products in 8 ms
2024-12-03T21:23:11.490+0100 INFO               [main]                         be.pxl.services.controller.ProductController - Successfully retrieved 1 products
2024-12-03T21:23:11.534+0100 INFO               [main]                         be.pxl.services.controller.ProductController - Received DELETE request at /api/product/6/labels to remove label
2024-12-03T21:23:11.534+0100 DEBUG              [main]                         be.pxl.services.controller.ProductController - Label to be removed: Eco-Friendly
2024-12-03T21:23:11.534+0100 INFO               [main]                         be.pxl.services.services.ProductService - Attempting to delete Eco-Friendly label from product with ID 6
2024-12-03T21:23:11.543+0100 DEBUG              [main]                         be.pxl.services.services.ProductService - Successfully fetched product with ID 6
2024-12-03T21:23:11.549+0100 INFO               [main]                         be.pxl.services.services.ProductService - Successfully deleted Eco-Friendly label from product with ID 6
2024-12-03T21:23:11.549+0100 INFO               [main]                         be.pxl.services.controller.ProductController - Successfully removed label 'Eco-Friendly' from product with id: 6
2024-12-03T21:23:11.586+0100 INFO               [main]                         be.pxl.services.controller.ProductController - Received DELETE request at /api/product/7 to remove a product
2024-12-03T21:23:11.586+0100 DEBUG              [main]                         be.pxl.services.controller.ProductController - Calling ProductService.removeProduct() with id: 7
2024-12-03T21:23:11.586+0100 INFO               [main]                         be.pxl.services.services.ProductService - Attempting to delete product with ID 7
2024-12-03T21:23:11.593+0100 DEBUG              [main]                         be.pxl.services.services.ProductService - Successfully fetched product with ID 7
2024-12-03T21:23:11.600+0100 INFO               [main]                         be.pxl.services.services.ProductService - Successfully deleted product with ID 7
2024-12-03T21:23:11.601+0100 INFO               [main]                         be.pxl.services.controller.ProductController - Successfully removed product with id: 7
2024-12-03T21:23:11.635+0100 INFO               [main]                         be.pxl.services.controller.ProductController - Received POST request at /api/product/8/labels to add label
2024-12-03T21:23:11.635+0100 DEBUG              [main]                         be.pxl.services.controller.ProductController - Label to be added: Eco-Friendly
2024-12-03T21:23:11.635+0100 INFO               [main]                         be.pxl.services.services.ProductService - Attempting to add Eco-Friendly label to product with ID 8
2024-12-03T21:23:11.642+0100 DEBUG              [main]                         be.pxl.services.services.ProductService - Successfully fetched product with ID 8
2024-12-03T21:23:11.648+0100 INFO               [main]                         be.pxl.services.services.ProductService - Successfully added  Eco-Friendly label to product with ID 8
2024-12-03T21:23:11.648+0100 INFO               [main]                         be.pxl.services.controller.ProductController - Successfully added label 'Eco-Friendly' to product with id: 8
